2017-08-29 22:32:08 [info][Object.<anonymous>] MYSQLHOST : DEVDB (in app.js:107)
2017-08-30 20:03:36 [info][Object.<anonymous>] MYSQLHOST : DEVDB (in app.js:107)
2017-08-30 20:03:45 [info][Object.<anonymous>] MYSQLHOST : DEVDB (in app.js:107)
2017-08-30 20:52:56 [info][Object.<anonymous>] MYSQLHOST : DEVDB (in app.js:107)
2017-08-30 20:54:44 [info][Object.<anonymous>] MYSQLHOST : DEVDB (in app.js:107)
2017-08-30 20:54:49 [info][Object.<anonymous>] MYSQLHOST : DEVDB (in app.js:107)
2017-08-30 20:56:20 [info][Object.<anonymous>] MYSQLHOST : DEVDB (in app.js:107)
2017-08-30 21:04:05 [info][Object.<anonymous>] MYSQLHOST : DEVDB (in app.js:107)
2017-08-30 21:05:55 [info][Object.<anonymous>] MYSQLHOST : DEVDB (in app.js:107)
2017-08-30 21:09:23 [info][Object.<anonymous>] MYSQLHOST : DEVDB (in app.js:107)
2017-08-30 21:10:54 [info][Object.<anonymous>] MYSQLHOST : DEVDB (in app.js:107)
2017-08-30 21:16:20 [info][Object.<anonymous>] MYSQLHOST : DEVDB (in app.js:107)
2017-08-30 21:16:31 [info][Object.<anonymous>] MYSQLHOST : DEVDB (in app.js:107)
2017-08-30 21:28:58 [info][Object.<anonymous>] MYSQLHOST : DEVDB (in app.js:107)
2017-08-30 21:33:47 [info][Object.<anonymous>] MYSQLHOST : DEVDB (in app.js:107)
2017-08-30 21:34:49 [info][Object.<anonymous>] MYSQLHOST : DEVDB (in app.js:107)
2017-08-30 21:35:22 [info][Object.<anonymous>] MYSQLHOST : DEVDB (in app.js:107)
2017-08-30 21:35:57 [info][Object.<anonymous>] MYSQLHOST : DEVDB (in app.js:107)
2017-08-30 21:37:47 [info][Object.<anonymous>] MYSQLHOST : DEVDB (in app.js:107)
2017-08-30 21:39:35 [info][Object.<anonymous>] MYSQLHOST : DEVDB (in app.js:107)
2017-08-30 21:39:59 [info][Object.<anonymous>] MYSQLHOST : DEVDB (in app.js:107)
2017-08-30 21:43:05 [info][Object.<anonymous>] MYSQLHOST : DEVDB (in app.js:108)
2017-08-30 21:44:09 [info][Object.<anonymous>] MYSQLHOST : DEVDB (in app.js:108)
2017-08-30 21:45:35 [info][Object.<anonymous>] MYSQLHOST : DEVDB (in app.js:108)
2017-08-30 21:45:55 [info][Object.<anonymous>] MYSQLHOST : DEVDB (in app.js:108)
2017-08-30 21:47:23 [info][Object.<anonymous>] MYSQLHOST : DEVDB (in app.js:108)
2017-08-30 21:47:33 [info][Object.<anonymous>] MYSQLHOST : DEVDB (in app.js:108)
2017-08-30 21:48:24 [info][Object.<anonymous>] MYSQLHOST : DEVDB (in app.js:108)
2017-08-30 21:50:00 [info][Object.<anonymous>] MYSQLHOST : DEVDB (in app.js:108)
2017-08-30 21:50:03 [trace][] ㄹ (in getUser.js:10)
2017-08-30 21:50:03 [trace][] userObjCHO:[] (in getUser.js:47)
2017-08-30 21:50:03 [trace][] ㄹ (in getUser.js:14)
2017-08-30 21:50:05 [trace][] 류 (in getUser.js:10)
2017-08-30 21:50:05 [trace][] ㄹㅠ (in getUser.js:14)
2017-08-30 21:50:05 [trace][] 이건 초성검색이 아닙니다 (in getUser.js:29)
2017-08-30 21:50:05 [trace][] userObjCHO:[] (in getUser.js:47)
2017-08-30 21:50:08 [trace][] ㄹ (in getUser.js:10)
2017-08-30 21:50:08 [trace][] userObjCHO:[] (in getUser.js:47)
2017-08-30 21:50:08 [trace][] ㄹ (in getUser.js:14)
2017-08-30 21:50:09 [trace][] ㄺ (in getUser.js:10)
2017-08-30 21:50:09 [trace][] ㄹㄱ (in getUser.js:14)
2017-08-30 21:50:09 [trace][] userObjCHO:[] (in getUser.js:47)
2017-08-30 21:50:09 [trace][] ㄺㄴ (in getUser.js:10)
2017-08-30 21:50:09 [trace][] ㄹㄱㄴ (in getUser.js:14)
2017-08-30 21:50:09 [trace][] userObjCHO:[] (in getUser.js:47)
2017-08-30 21:50:11 [trace][] 류건우 (in getUser.js:10)
2017-08-30 21:50:11 [trace][] ㄹㅠㄱㅓㄴㅇㅜ (in getUser.js:14)
2017-08-30 21:50:11 [trace][] 이건 초성검색이 아닙니다 (in getUser.js:29)
2017-08-30 21:50:11 [trace][] userObjCHO:[] (in getUser.js:47)
2017-08-30 21:51:29 [trace][] ㄹ (in getUser.js:10)
2017-08-30 21:51:29 [trace][] ㄹ (in getUser.js:14)
2017-08-30 21:51:29 [trace][] userObjCHO:[] (in getUser.js:47)
2017-08-30 21:53:06 [trace][] f (in getUser.js:10)
2017-08-30 21:53:06 [trace][] f (in getUser.js:14)
2017-08-30 21:53:06 [trace][] userObjCHO:[] (in getUser.js:47)
2017-08-30 21:53:07 [trace][] ㄹ (in getUser.js:10)
2017-08-30 21:53:07 [trace][] userObjCHO:[] (in getUser.js:47)
2017-08-30 21:53:07 [trace][] ㄹ (in getUser.js:14)
2017-08-30 21:53:08 [trace][] ㄺ (in getUser.js:10)
2017-08-30 21:53:08 [trace][] ㄹㄱ (in getUser.js:14)
2017-08-30 21:53:08 [trace][] userObjCHO:[] (in getUser.js:47)
2017-08-30 21:53:09 [trace][] 류건우 (in getUser.js:10)
2017-08-30 21:53:09 [trace][] ㄹㅠㄱㅓㄴㅇㅜ (in getUser.js:14)
2017-08-30 21:53:09 [trace][] 이건 초성검색이 아닙니다 (in getUser.js:29)
2017-08-30 21:53:09 [trace][] userObjCHO:[] (in getUser.js:47)
2017-08-30 21:53:18 [trace][] ㄹ (in getUser.js:10)
2017-08-30 21:53:18 [trace][] ㄹ (in getUser.js:14)
2017-08-30 21:53:18 [trace][] userObjCHO:[] (in getUser.js:47)
2017-08-30 21:53:19 [trace][] 류건우 (in getUser.js:10)
2017-08-30 21:53:19 [trace][] 이건 초성검색이 아닙니다 (in getUser.js:29)
2017-08-30 21:53:19 [trace][] ㄹㅠㄱㅓㄴㅇㅜ (in getUser.js:14)
2017-08-30 21:53:19 [trace][] userObjCHO:[] (in getUser.js:47)
2017-08-30 21:55:26 [trace][] ㄹ (in getUser.js:14)
2017-08-30 21:55:26 [trace][] ㄹ (in getUser.js:10)
2017-08-30 21:55:26 [trace][] userObjCHO:[] (in getUser.js:47)
2017-08-30 21:55:30 [trace][] ㄹ (in getUser.js:10)
2017-08-30 21:55:30 [trace][] ㄹ (in getUser.js:14)
2017-08-30 21:55:30 [trace][] userObjCHO:[] (in getUser.js:47)
2017-08-30 21:59:10 [info][Object.<anonymous>] MYSQLHOST : DEVDB (in app.js:108)
2017-08-30 22:06:29 [info][Object.<anonymous>] MYSQLHOST : DEVDB (in app.js:108)
2017-08-30 22:06:37 [trace][] 1 (in getUser.js:10)
2017-08-30 22:06:37 [trace][] userObjCHO:[] (in getUser.js:47)
2017-08-30 22:06:37 [trace][] 1 (in getUser.js:14)
2017-08-30 22:06:41 [trace][] 12 (in getUser.js:10)
2017-08-30 22:06:41 [trace][] 12 (in getUser.js:14)
2017-08-30 22:06:41 [trace][] userObjCHO:[] (in getUser.js:47)
2017-08-30 22:06:42 [trace][] 123 (in getUser.js:10)
2017-08-30 22:06:42 [trace][] 123 (in getUser.js:14)
2017-08-30 22:06:42 [trace][] userObjCHO:[] (in getUser.js:47)
2017-08-30 22:08:32 [trace][] f (in getUser.js:10)
2017-08-30 22:08:32 [trace][] userObjCHO:[] (in getUser.js:47)
2017-08-30 22:08:32 [trace][] f (in getUser.js:14)
2017-08-30 22:08:33 [trace][] ㄹ (in getUser.js:10)
2017-08-30 22:08:33 [trace][] ㄹ (in getUser.js:14)
2017-08-30 22:08:33 [trace][] userObjCHO:[] (in getUser.js:47)
2017-08-30 22:08:34 [trace][] 류건우 (in getUser.js:10)
2017-08-30 22:08:34 [trace][] ㄹㅠㄱㅓㄴㅇㅜ (in getUser.js:14)
2017-08-30 22:08:34 [trace][] 이건 초성검색이 아닙니다 (in getUser.js:29)
2017-08-30 22:08:34 [trace][] userObjCHO:[] (in getUser.js:47)
2017-08-30 22:11:36 [info][Object.<anonymous>] MYSQLHOST : DEVDB (in app.js:115)
2017-08-30 22:11:39 [trace][] ㄹ (in getUser.js:10)
2017-08-30 22:11:39 [trace][] ㄹ (in getUser.js:14)
2017-08-30 22:11:41 [trace][] 류 (in getUser.js:10)
2017-08-30 22:11:41 [trace][] ㄹㅠ (in getUser.js:14)
2017-08-30 22:12:35 [info][Object.<anonymous>] MYSQLHOST : DEVDB (in app.js:113)
2017-08-30 22:12:40 [trace][] ㄹ (in getUser.js:10)
2017-08-30 22:12:40 [trace][] ㄹ (in getUser.js:14)
2017-08-30 22:14:23 [info][Object.<anonymous>] MYSQLHOST : DEVDB (in app.js:113)
2017-08-30 22:14:27 [trace][] ㄹ (in getUser.js:10)
2017-08-30 22:14:27 [trace][] ㄹ (in getUser.js:14)
2017-08-30 22:14:27 [trace][] [{"USER_NM":"류건우","USER_CHO":"ㄹ,ㄱ,ㅇ","USER_JAMO":"ㄹㅠㄱㅓㄴㅇㅜ"}] (in getUser.js:15)
2017-08-30 22:14:29 [trace][] 류 (in getUser.js:10)
2017-08-30 22:14:29 [trace][] ㄹㅠ (in getUser.js:14)
2017-08-30 22:14:29 [trace][] [{"USER_NM":"류건우","USER_CHO":"ㄹ,ㄱ,ㅇ","USER_JAMO":"ㄹㅠㄱㅓㄴㅇㅜ"}] (in getUser.js:15)
2017-08-30 22:15:42 [info][Object.<anonymous>] MYSQLHOST : DEVDB (in app.js:113)
2017-08-30 22:15:46 [trace][] 류ㄱ (in getUser.js:10)
2017-08-30 22:15:46 [trace][] ㄹㅠㄱ (in getUser.js:14)
2017-08-30 22:15:46 [trace][] [{"USER_NM":"류건우","USER_CHO":"ㄹ,ㄱ,ㅇ","USER_NM_JAMO":"ㄹㅠㄱㅓㄴㅇㅜ"}] (in getUser.js:15)
2017-08-30 22:15:46 [trace][] 이건 초성검색이 아닙니다 (in getUser.js:30)
2017-08-30 22:15:46 [trace][] userObjCHO:[] (in getUser.js:48)
2017-08-30 22:15:46 [trace][] 류거 (in getUser.js:10)
2017-08-30 22:15:46 [trace][] ㄹㅠㄱㅓ (in getUser.js:14)
2017-08-30 22:15:46 [trace][] [{"USER_NM":"류건우","USER_CHO":"ㄹ,ㄱ,ㅇ","USER_NM_JAMO":"ㄹㅠㄱㅓㄴㅇㅜ"}] (in getUser.js:15)
2017-08-30 22:15:46 [trace][] 이건 초성검색이 아닙니다 (in getUser.js:30)
2017-08-30 22:15:46 [trace][] userObjCHO:[] (in getUser.js:48)
2017-08-30 22:15:47 [trace][] 류건 (in getUser.js:10)
2017-08-30 22:15:47 [trace][] [{"USER_NM":"류건우","USER_CHO":"ㄹ,ㄱ,ㅇ","USER_NM_JAMO":"ㄹㅠㄱㅓㄴㅇㅜ"}] (in getUser.js:15)
2017-08-30 22:15:47 [trace][] 이건 초성검색이 아닙니다 (in getUser.js:30)
2017-08-30 22:15:47 [trace][] userObjCHO:[] (in getUser.js:48)
2017-08-30 22:15:47 [trace][] ㄹㅠㄱㅓㄴ (in getUser.js:14)
2017-08-30 22:16:02 [trace][] ㄹ (in getUser.js:10)
2017-08-30 22:16:02 [trace][] ㄹ (in getUser.js:14)
2017-08-30 22:16:02 [trace][] userObjCHO:[{"USER_NM":"류건우","USER_CHO":"ㄹ,ㄱ,ㅇ","USER_NM_JAMO":"ㄹㅠㄱㅓㄴㅇㅜ"}] (in getUser.js:48)
2017-08-30 22:16:02 [trace][] [{"USER_NM":"류건우","USER_CHO":"ㄹ,ㄱ,ㅇ","USER_NM_JAMO":"ㄹㅠㄱㅓㄴㅇㅜ"}] (in getUser.js:15)
2017-08-30 22:16:03 [trace][] 류 (in getUser.js:10)
2017-08-30 22:16:03 [trace][] ㄹㅠ (in getUser.js:14)
2017-08-30 22:16:03 [trace][] [{"USER_NM":"류건우","USER_CHO":"ㄹ,ㄱ,ㅇ","USER_NM_JAMO":"ㄹㅠㄱㅓㄴㅇㅜ"}] (in getUser.js:15)
2017-08-30 22:16:03 [trace][] 이건 초성검색이 아닙니다 (in getUser.js:30)
2017-08-30 22:16:03 [trace][] userObjCHO:[] (in getUser.js:48)
2017-08-30 22:16:04 [trace][] 류건우 (in getUser.js:10)
2017-08-30 22:16:04 [trace][] ㄹㅠㄱㅓㄴㅇㅜ (in getUser.js:14)
2017-08-30 22:16:04 [trace][] [{"USER_NM":"류건우","USER_CHO":"ㄹ,ㄱ,ㅇ","USER_NM_JAMO":"ㄹㅠㄱㅓㄴㅇㅜ"}] (in getUser.js:15)
2017-08-30 22:16:04 [trace][] 이건 초성검색이 아닙니다 (in getUser.js:30)
2017-08-30 22:16:04 [trace][] userObjCHO:[] (in getUser.js:48)
2017-08-30 22:17:14 [info][Object.<anonymous>] MYSQLHOST : DEVDB (in app.js:113)
2017-08-30 22:17:23 [trace][] ㄹ (in getUser.js:10)
2017-08-30 22:17:23 [trace][] ㄹ (in getUser.js:14)
2017-08-30 22:17:23 [trace][] [{"USER_NM":"류건우","USER_CHO":"ㄹ,ㄱ,ㅇ","USER_NM_JAMO":"ㄹㅠㄱㅓㄴㅇㅜ"}] (in getUser.js:15)
2017-08-30 22:17:23 [trace][] userObjCHO:[{"USER_NM":"류건우","USER_CHO":"ㄹ,ㄱ,ㅇ","USER_NM_JAMO":"ㄹㅠㄱㅓㄴㅇㅜ"}] (in getUser.js:48)
2017-08-30 22:17:48 [info][Object.<anonymous>] MYSQLHOST : DEVDB (in app.js:113)
2017-08-30 22:18:18 [trace][] ㄹ (in getUser.js:10)
2017-08-30 22:18:18 [trace][] ㄹ (in getUser.js:14)
2017-08-30 22:18:18 [trace][] [{"USER_NM":"류건우","USER_CHO":"ㄹ,ㄱ,ㅇ","USER_NM_JAMO":"ㄹㅠㄱㅓㄴㅇㅜ"}] (in getUser.js:15)
2017-08-30 22:18:18 [trace][] userObjCHO:[{"USER_NM":"류건우","USER_CHO":"ㄹ,ㄱ,ㅇ","USER_NM_JAMO":"ㄹㅠㄱㅓㄴㅇㅜ"}] (in getUser.js:48)
2017-08-30 22:18:20 [trace][] ㄺ (in getUser.js:10)
2017-08-30 22:18:20 [trace][] ㄹㄱ (in getUser.js:14)
2017-08-30 22:18:20 [trace][] userObjCHO:[{"USER_NM":"류건우","USER_CHO":"ㄹ,ㄱ,ㅇ","USER_NM_JAMO":"ㄹㅠㄱㅓㄴㅇㅜ"}] (in getUser.js:48)
2017-08-30 22:18:20 [trace][] [{"USER_NM":"류건우","USER_CHO":"ㄹ,ㄱ,ㅇ","USER_NM_JAMO":"ㄹㅠㄱㅓㄴㅇㅜ"}] (in getUser.js:15)
2017-08-30 22:18:22 [trace][] ㄹ (in getUser.js:10)
2017-08-30 22:18:22 [trace][] ㄹ (in getUser.js:14)
2017-08-30 22:18:22 [trace][] [{"USER_NM":"류건우","USER_CHO":"ㄹ,ㄱ,ㅇ","USER_NM_JAMO":"ㄹㅠㄱㅓㄴㅇㅜ"}] (in getUser.js:15)
2017-08-30 22:18:22 [trace][] userObjCHO:[{"USER_NM":"류건우","USER_CHO":"ㄹ,ㄱ,ㅇ","USER_NM_JAMO":"ㄹㅠㄱㅓㄴㅇㅜ"}] (in getUser.js:48)
2017-08-30 22:18:25 [trace][] ㄹ (in getUser.js:10)
2017-08-30 22:18:25 [trace][] [{"USER_NM":"류건우","USER_CHO":"ㄹ,ㄱ,ㅇ","USER_NM_JAMO":"ㄹㅠㄱㅓㄴㅇㅜ"}] (in getUser.js:15)
2017-08-30 22:18:25 [trace][] userObjCHO:[{"USER_NM":"류건우","USER_CHO":"ㄹ,ㄱ,ㅇ","USER_NM_JAMO":"ㄹㅠㄱㅓㄴㅇㅜ"}] (in getUser.js:48)
2017-08-30 22:18:25 [trace][] ㄹ (in getUser.js:14)
2017-08-30 22:18:25 [trace][] ㄹㅠ (in getUser.js:14)
2017-08-30 22:18:25 [trace][] [{"USER_NM":"류건우","USER_CHO":"ㄹ,ㄱ,ㅇ","USER_NM_JAMO":"ㄹㅠㄱㅓㄴㅇㅜ"}] (in getUser.js:15)
2017-08-30 22:18:25 [trace][] 이건 초성검색이 아닙니다 (in getUser.js:30)
2017-08-30 22:18:25 [trace][] userObjCHO:[] (in getUser.js:48)
2017-08-30 22:18:25 [trace][] 류 (in getUser.js:10)
2017-08-30 22:18:26 [trace][] 류거 (in getUser.js:10)
2017-08-30 22:18:26 [trace][] ㄹㅠㄱㅓ (in getUser.js:14)
2017-08-30 22:18:26 [trace][] [{"USER_NM":"류건우","USER_CHO":"ㄹ,ㄱ,ㅇ","USER_NM_JAMO":"ㄹㅠㄱㅓㄴㅇㅜ"}] (in getUser.js:15)
2017-08-30 22:18:26 [trace][] 이건 초성검색이 아닙니다 (in getUser.js:30)
2017-08-30 22:18:26 [trace][] userObjCHO:[] (in getUser.js:48)
2017-08-30 22:18:30 [trace][] 류 (in getUser.js:10)
2017-08-30 22:18:30 [trace][] ㄹㅠ (in getUser.js:14)
2017-08-30 22:18:30 [trace][] [{"USER_NM":"류건우","USER_CHO":"ㄹ,ㄱ,ㅇ","USER_NM_JAMO":"ㄹㅠㄱㅓㄴㅇㅜ"}] (in getUser.js:15)
2017-08-30 22:18:30 [trace][] userObjCHO:[] (in getUser.js:48)
2017-08-30 22:18:30 [trace][] 이건 초성검색이 아닙니다 (in getUser.js:30)
2017-08-30 22:19:17 [info][Object.<anonymous>] MYSQLHOST : DEVDB (in app.js:113)
2017-08-30 22:19:19 [trace][] ㄹ (in getUser.js:10)
2017-08-30 22:19:19 [trace][] ㄹ (in getUser.js:14)
2017-08-30 22:19:19 [trace][] [{"USER_NM":"류건우","USER_CHO":"ㄹ,ㄱ,ㅇ","USER_NM_JAMO":"ㄹㅠㄱㅓㄴㅇㅜ","CO_NM":"SBS"}] (in getUser.js:15)
2017-08-30 22:19:19 [trace][] userObjCHO:[{"USER_NM":"류건우","USER_CHO":"ㄹ,ㄱ,ㅇ","USER_NM_JAMO":"ㄹㅠㄱㅓㄴㅇㅜ","CO_NM":"SBS"}] (in getUser.js:48)
2017-08-30 22:19:20 [trace][] 류 (in getUser.js:10)
2017-08-30 22:19:20 [trace][] ㄹㅠ (in getUser.js:14)
2017-08-30 22:19:20 [trace][] [{"USER_NM":"류건우","USER_CHO":"ㄹ,ㄱ,ㅇ","USER_NM_JAMO":"ㄹㅠㄱㅓㄴㅇㅜ","CO_NM":"SBS"}] (in getUser.js:15)
2017-08-30 22:19:20 [trace][] userObjCHO:[] (in getUser.js:48)
2017-08-30 22:19:20 [trace][] 이건 초성검색이 아닙니다 (in getUser.js:30)
2017-08-30 22:20:38 [info][Object.<anonymous>] MYSQLHOST : DEVDB (in app.js:113)
2017-08-30 22:20:46 [trace][] ㄹ (in getUser.js:10)
2017-08-30 22:20:46 [trace][] ㄹ (in getUser.js:14)
2017-08-30 22:20:46 [trace][] [{"USER_NM":"류건우","USER_CHO":"ㄹ,ㄱ,ㅇ","USER_NM_JAMO":"ㄹㅠㄱㅓㄴㅇㅜ","CO_NM":"SBS"}] (in getUser.js:15)
2017-08-30 22:20:46 [trace][] userObjCHO:[{"USER_NM":"류건우","USER_CHO":"ㄹ,ㄱ,ㅇ","USER_NM_JAMO":"ㄹㅠㄱㅓㄴㅇㅜ","CO_NM":"SBS"}] (in getUser.js:48)
2017-08-30 22:20:46 [trace][] 류 (in getUser.js:10)
2017-08-30 22:20:46 [trace][] ㄹㅠ (in getUser.js:14)
2017-08-30 22:20:46 [trace][] [{"USER_NM":"류건우","USER_CHO":"ㄹ,ㄱ,ㅇ","USER_NM_JAMO":"ㄹㅠㄱㅓㄴㅇㅜ","CO_NM":"SBS"}] (in getUser.js:15)
2017-08-30 22:20:46 [trace][] 이건 초성검색이 아닙니다 (in getUser.js:30)
2017-08-30 22:20:46 [trace][] userObjCHO:[] (in getUser.js:48)
2017-08-30 22:20:47 [trace][] 륙 (in getUser.js:10)
2017-08-30 22:20:47 [trace][] ㄹㅠㄱ (in getUser.js:14)
2017-08-30 22:20:47 [trace][] [{"USER_NM":"류건우","USER_CHO":"ㄹ,ㄱ,ㅇ","USER_NM_JAMO":"ㄹㅠㄱㅓㄴㅇㅜ","CO_NM":"SBS"}] (in getUser.js:15)
2017-08-30 22:20:47 [trace][] 이건 초성검색이 아닙니다 (in getUser.js:30)
2017-08-30 22:20:47 [trace][] userObjCHO:[] (in getUser.js:48)
2017-08-30 22:20:48 [trace][] 류거 (in getUser.js:10)
2017-08-30 22:20:48 [trace][] ㄹㅠㄱㅓ (in getUser.js:14)
2017-08-30 22:20:48 [trace][] [{"USER_NM":"류건우","USER_CHO":"ㄹ,ㄱ,ㅇ","USER_NM_JAMO":"ㄹㅠㄱㅓㄴㅇㅜ","CO_NM":"SBS"}] (in getUser.js:15)
2017-08-30 22:20:48 [trace][] 이건 초성검색이 아닙니다 (in getUser.js:30)
2017-08-30 22:20:48 [trace][] userObjCHO:[] (in getUser.js:48)
2017-08-30 22:20:48 [trace][] 류건 (in getUser.js:10)
2017-08-30 22:20:48 [trace][] ㄹㅠㄱㅓㄴ (in getUser.js:14)
2017-08-30 22:20:48 [trace][] [{"USER_NM":"류건우","USER_CHO":"ㄹ,ㄱ,ㅇ","USER_NM_JAMO":"ㄹㅠㄱㅓㄴㅇㅜ","CO_NM":"SBS"}] (in getUser.js:15)
2017-08-30 22:20:48 [trace][] 이건 초성검색이 아닙니다 (in getUser.js:30)
2017-08-30 22:20:48 [trace][] userObjCHO:[] (in getUser.js:48)
2017-08-30 22:21:31 [info][Object.<anonymous>] MYSQLHOST : DEVDB (in app.js:113)
2017-08-30 22:21:37 [trace][] ㄹ (in getUser.js:10)
2017-08-30 22:21:37 [trace][] [{"USER_NM":"류건우","USER_CHO":"ㄹ,ㄱ,ㅇ","USER_NM_JAMO":"ㄹㅠㄱㅓㄴㅇㅜ","CO_NM":"SBS"}] (in getUser.js:15)
2017-08-30 22:21:37 [trace][] userObjCHO:[{"USER_NM":"류건우","USER_CHO":"ㄹ,ㄱ,ㅇ","USER_NM_JAMO":"ㄹㅠㄱㅓㄴㅇㅜ","CO_NM":"SBS"}] (in getUser.js:48)
2017-08-30 22:21:37 [trace][] ㄹ (in getUser.js:14)
2017-08-30 22:21:38 [trace][] 류건 (in getUser.js:10)
2017-08-30 22:21:38 [trace][] ㄹㅠㄱㅓㄴ (in getUser.js:14)
2017-08-30 22:21:38 [trace][] [{"USER_NM":"류건우","USER_CHO":"ㄹ,ㄱ,ㅇ","USER_NM_JAMO":"ㄹㅠㄱㅓㄴㅇㅜ","CO_NM":"SBS"}] (in getUser.js:15)
2017-08-30 22:21:38 [trace][] 이건 초성검색이 아닙니다 (in getUser.js:30)
2017-08-30 22:21:38 [trace][] userObjCHO:[] (in getUser.js:48)
2017-08-30 22:22:31 [info][Object.<anonymous>] MYSQLHOST : DEVDB (in app.js:113)
2017-08-30 22:22:35 [trace][] ㄹ (in getUser.js:10)
2017-08-30 22:22:35 [trace][] ㄹ (in getUser.js:14)
2017-08-30 22:22:35 [trace][] userObjCHO:[{"USER_NM":"류건우","USER_CHO":"ㄹ,ㄱ,ㅇ","USER_NM_JAMO":"ㄹㅠㄱㅓㄴㅇㅜ","CO_NM":"SBS"}] (in getUser.js:48)
2017-08-30 22:22:35 [trace][] [{"USER_NM":"류건우","USER_CHO":"ㄹ,ㄱ,ㅇ","USER_NM_JAMO":"ㄹㅠㄱㅓㄴㅇㅜ","CO_NM":"SBS"}] (in getUser.js:15)
2017-08-30 22:22:36 [trace][] 류건우 (in getUser.js:10)
2017-08-30 22:22:36 [trace][] ㄹㅠㄱㅓㄴㅇㅜ (in getUser.js:14)
2017-08-30 22:22:36 [trace][] [{"USER_NM":"류건우","USER_CHO":"ㄹ,ㄱ,ㅇ","USER_NM_JAMO":"ㄹㅠㄱㅓㄴㅇㅜ","CO_NM":"SBS"}] (in getUser.js:15)
2017-08-30 22:22:36 [trace][] 이건 초성검색이 아닙니다 (in getUser.js:30)
2017-08-30 22:22:36 [trace][] userObjCHO:[] (in getUser.js:48)
2017-08-30 22:22:37 [trace][] [object Object] (in getUser.js:10)
2017-08-30 22:22:37 [trace][] [object Object] (in getUser.js:14)
2017-08-30 22:22:37 [trace][] [{"USER_NM":"류건우","USER_CHO":"ㄹ,ㄱ,ㅇ","USER_NM_JAMO":"ㄹㅠㄱㅓㄴㅇㅜ","CO_NM":"SBS"}] (in getUser.js:15)
2017-08-30 22:22:37 [trace][] userObjCHO:[] (in getUser.js:48)
2017-08-30 22:24:13 [trace][] ㄹ (in getUser.js:10)
2017-08-30 22:24:13 [trace][] ㄹ (in getUser.js:14)
2017-08-30 22:24:13 [trace][] [{"USER_NM":"류건우","USER_CHO":"ㄹ,ㄱ,ㅇ","USER_NM_JAMO":"ㄹㅠㄱㅓㄴㅇㅜ","CO_NM":"SBS"}] (in getUser.js:15)
2017-08-30 22:24:13 [trace][] userObjCHO:[{"USER_NM":"류건우","USER_CHO":"ㄹ,ㄱ,ㅇ","USER_NM_JAMO":"ㄹㅠㄱㅓㄴㅇㅜ","CO_NM":"SBS"}] (in getUser.js:48)
2017-08-30 22:24:13 [trace][] 류 (in getUser.js:10)
2017-08-30 22:24:13 [trace][] ㄹㅠ (in getUser.js:14)
2017-08-30 22:24:13 [trace][] [{"USER_NM":"류건우","USER_CHO":"ㄹ,ㄱ,ㅇ","USER_NM_JAMO":"ㄹㅠㄱㅓㄴㅇㅜ","CO_NM":"SBS"}] (in getUser.js:15)
2017-08-30 22:24:13 [trace][] 이건 초성검색이 아닙니다 (in getUser.js:30)
2017-08-30 22:24:13 [trace][] userObjCHO:[] (in getUser.js:48)
2017-08-30 22:24:42 [info][Object.<anonymous>] MYSQLHOST : DEVDB (in app.js:113)
2017-08-30 22:24:50 [trace][] ㄹ (in getUser.js:10)
2017-08-30 22:24:51 [trace][] ㄹ (in getUser.js:14)
2017-08-30 22:24:51 [trace][] [{"USER_NM":"류건우","USER_CHO":"ㄹ,ㄱ,ㅇ","USER_NM_JAMO":"ㄹㅠㄱㅓㄴㅇㅜ","CO_NM":"SBS"}] (in getUser.js:15)
2017-08-30 22:24:51 [trace][] userObjCHO:[{"USER_NM":"류건우","USER_CHO":"ㄹ,ㄱ,ㅇ","USER_NM_JAMO":"ㄹㅠㄱㅓㄴㅇㅜ","CO_NM":"SBS"}] (in getUser.js:48)
2017-08-30 22:24:51 [trace][] 륙 (in getUser.js:10)
2017-08-30 22:24:51 [trace][] ㄹㅠㄱ (in getUser.js:14)
2017-08-30 22:24:51 [trace][] [{"USER_NM":"류건우","USER_CHO":"ㄹ,ㄱ,ㅇ","USER_NM_JAMO":"ㄹㅠㄱㅓㄴㅇㅜ","CO_NM":"SBS"}] (in getUser.js:15)
2017-08-30 22:24:51 [trace][] 이건 초성검색이 아닙니다 (in getUser.js:30)
2017-08-30 22:24:51 [trace][] userObjCHO:[] (in getUser.js:48)
2017-08-30 22:24:52 [trace][] 류거 (in getUser.js:10)
2017-08-30 22:24:52 [trace][] ㄹㅠㄱㅓ (in getUser.js:14)
2017-08-30 22:24:52 [trace][] [{"USER_NM":"류건우","USER_CHO":"ㄹ,ㄱ,ㅇ","USER_NM_JAMO":"ㄹㅠㄱㅓㄴㅇㅜ","CO_NM":"SBS"}] (in getUser.js:15)
2017-08-30 22:24:52 [trace][] 이건 초성검색이 아닙니다 (in getUser.js:30)
2017-08-30 22:24:52 [trace][] userObjCHO:[] (in getUser.js:48)
2017-08-30 22:24:52 [trace][] 류건 (in getUser.js:10)
2017-08-30 22:24:52 [trace][] ㄹㅠㄱㅓㄴ (in getUser.js:14)
2017-08-30 22:24:52 [trace][] [{"USER_NM":"류건우","USER_CHO":"ㄹ,ㄱ,ㅇ","USER_NM_JAMO":"ㄹㅠㄱㅓㄴㅇㅜ","CO_NM":"SBS"}] (in getUser.js:15)
2017-08-30 22:24:52 [trace][] userObjCHO:[] (in getUser.js:48)
2017-08-30 22:24:52 [trace][] 이건 초성검색이 아닙니다 (in getUser.js:30)
2017-08-30 22:27:56 [info][Object.<anonymous>] MYSQLHOST : DEVDB (in app.js:113)
2017-08-30 22:28:00 [trace][] f (in getUser.js:10)
2017-08-30 22:28:00 [trace][] f (in getUser.js:14)
2017-08-30 22:28:00 [trace][] [{"USER_NM":"류건우","USER_CHO":"ㄹ,ㄱ,ㅇ","USER_NM_JAMO":"ㄹㅠㄱㅓㄴㅇㅜ","CO_NM":"SBS"}] (in getUser.js:15)
2017-08-30 22:28:00 [trace][] userObjCHO:[] (in getUser.js:48)
2017-08-30 22:28:01 [trace][] 류 (in getUser.js:10)
2017-08-30 22:28:01 [trace][] ㄹㅠ (in getUser.js:14)
2017-08-30 22:28:01 [trace][] [{"USER_NM":"류건우","USER_CHO":"ㄹ,ㄱ,ㅇ","USER_NM_JAMO":"ㄹㅠㄱㅓㄴㅇㅜ","CO_NM":"SBS"}] (in getUser.js:15)
2017-08-30 22:28:01 [trace][] 이건 초성검색이 아닙니다 (in getUser.js:30)
2017-08-30 22:28:01 [trace][] userObjCHO:[] (in getUser.js:48)
2017-08-30 22:28:15 [info][Object.<anonymous>] MYSQLHOST : DEVDB (in app.js:113)
2017-08-30 22:28:21 [trace][] 류건 (in getUser.js:10)
2017-08-30 22:28:21 [trace][] ㄹㅠㄱㅓㄴ (in getUser.js:14)
2017-08-30 22:28:21 [trace][] [{"USER_NM":"류건우","USER_CHO":"ㄹ,ㄱ,ㅇ","USER_NM_JAMO":"ㄹㅠㄱㅓㄴㅇㅜ","CO_NM":"SBS"}] (in getUser.js:15)
2017-08-30 22:28:21 [trace][] 이건 초성검색이 아닙니다 (in getUser.js:30)
2017-08-30 22:28:21 [trace][] userObjCHO:[] (in getUser.js:48)
2017-08-30 22:28:32 [info][Object.<anonymous>] MYSQLHOST : DEVDB (in app.js:113)
2017-08-30 22:28:36 [trace][] ㄹ (in getUser.js:10)
2017-08-30 22:28:36 [trace][] ㄹ (in getUser.js:14)
2017-08-30 22:28:36 [trace][] [{"USER_NM":"류건우","USER_CHO":"ㄹ,ㄱ,ㅇ","USER_NM_JAMO":"ㄹㅠㄱㅓㄴㅇㅜ","CO_NM":"SBS"}] (in getUser.js:15)
2017-08-30 22:28:36 [trace][] userObjCHO:[{"USER_NM":"류건우","USER_CHO":"ㄹ,ㄱ,ㅇ","USER_NM_JAMO":"ㄹㅠㄱㅓㄴㅇㅜ","CO_NM":"SBS"}] (in getUser.js:48)
2017-08-30 22:28:37 [trace][] 륙 (in getUser.js:10)
2017-08-30 22:28:37 [trace][] ㄹㅠㄱ (in getUser.js:14)
2017-08-30 22:28:37 [trace][] [{"USER_NM":"류건우","USER_CHO":"ㄹ,ㄱ,ㅇ","USER_NM_JAMO":"ㄹㅠㄱㅓㄴㅇㅜ","CO_NM":"SBS"}] (in getUser.js:15)
2017-08-30 22:28:37 [trace][] userObjCHO:[] (in getUser.js:48)
2017-08-30 22:28:37 [trace][] 이건 초성검색이 아닙니다 (in getUser.js:30)
2017-08-30 22:28:38 [trace][] 류건 (in getUser.js:10)
2017-08-30 22:28:38 [trace][] ㄹㅠㄱㅓㄴ (in getUser.js:14)
2017-08-30 22:28:38 [trace][] [{"USER_NM":"류건우","USER_CHO":"ㄹ,ㄱ,ㅇ","USER_NM_JAMO":"ㄹㅠㄱㅓㄴㅇㅜ","CO_NM":"SBS"}] (in getUser.js:15)
2017-08-30 22:28:38 [trace][] userObjCHO:[] (in getUser.js:48)
2017-08-30 22:28:38 [trace][] 이건 초성검색이 아닙니다 (in getUser.js:30)
2017-08-30 22:28:38 [trace][] [object Object] (in getUser.js:10)
2017-08-30 22:28:38 [trace][] [object Object] (in getUser.js:14)
2017-08-30 22:28:38 [trace][] [{"USER_NM":"류건우","USER_CHO":"ㄹ,ㄱ,ㅇ","USER_NM_JAMO":"ㄹㅠㄱㅓㄴㅇㅜ","CO_NM":"SBS"}] (in getUser.js:15)
2017-08-30 22:28:38 [trace][] userObjCHO:[] (in getUser.js:48)
2017-08-30 22:28:52 [info][Object.<anonymous>] MYSQLHOST : DEVDB (in app.js:113)
2017-08-30 22:28:59 [trace][] ㄹ (in getUser.js:10)
2017-08-30 22:28:59 [trace][] ㄹ (in getUser.js:14)
2017-08-30 22:28:59 [trace][] [{"USER_NM":"류건우","USER_CHO":"ㄹ,ㄱ,ㅇ","USER_NM_JAMO":"ㄹㅠㄱㅓㄴㅇㅜ","CO_NM":"SBS"}] (in getUser.js:15)
2017-08-30 22:28:59 [trace][] userObjCHO:[{"USER_NM":"류건우","USER_CHO":"ㄹ,ㄱ,ㅇ","USER_NM_JAMO":"ㄹㅠㄱㅓㄴㅇㅜ","CO_NM":"SBS"}] (in getUser.js:48)
2017-08-30 22:29:00 [trace][] 류건우 (in getUser.js:10)
2017-08-30 22:29:00 [trace][] ㄹㅠㄱㅓㄴㅇㅜ (in getUser.js:14)
2017-08-30 22:29:00 [trace][] [{"USER_NM":"류건우","USER_CHO":"ㄹ,ㄱ,ㅇ","USER_NM_JAMO":"ㄹㅠㄱㅓㄴㅇㅜ","CO_NM":"SBS"}] (in getUser.js:15)
2017-08-30 22:29:00 [trace][] 이건 초성검색이 아닙니다 (in getUser.js:30)
2017-08-30 22:29:00 [trace][] userObjCHO:[] (in getUser.js:48)
2017-08-30 22:29:14 [info][Object.<anonymous>] MYSQLHOST : DEVDB (in app.js:113)
2017-08-30 22:29:19 [trace][] ㄹ (in getUser.js:10)
2017-08-30 22:29:19 [trace][] ㄹ (in getUser.js:14)
2017-08-30 22:29:19 [trace][] [{"USER_NM":"류건우","USER_CHO":"ㄹ,ㄱ,ㅇ","USER_NM_JAMO":"ㄹㅠㄱㅓㄴㅇㅜ","CO_NM":"SBS"}] (in getUser.js:15)
2017-08-30 22:29:19 [trace][] userObjCHO:[{"USER_NM":"류건우","USER_CHO":"ㄹ,ㄱ,ㅇ","USER_NM_JAMO":"ㄹㅠㄱㅓㄴㅇㅜ","CO_NM":"SBS"}] (in getUser.js:48)
2017-08-30 22:29:20 [trace][] 류거 (in getUser.js:10)
2017-08-30 22:29:20 [trace][] ㄹㅠㄱㅓ (in getUser.js:14)
2017-08-30 22:29:20 [trace][] [{"USER_NM":"류건우","USER_CHO":"ㄹ,ㄱ,ㅇ","USER_NM_JAMO":"ㄹㅠㄱㅓㄴㅇㅜ","CO_NM":"SBS"}] (in getUser.js:15)
2017-08-30 22:29:20 [trace][] 이건 초성검색이 아닙니다 (in getUser.js:30)
2017-08-30 22:29:20 [trace][] userObjCHO:[] (in getUser.js:48)
2017-08-30 22:29:21 [trace][] [object Object] (in getUser.js:10)
2017-08-30 22:29:21 [trace][] [{"USER_NM":"류건우","USER_CHO":"ㄹ,ㄱ,ㅇ","USER_NM_JAMO":"ㄹㅠㄱㅓㄴㅇㅜ","CO_NM":"SBS"}] (in getUser.js:15)
2017-08-30 22:29:21 [trace][] userObjCHO:[] (in getUser.js:48)
2017-08-30 22:29:21 [trace][] [object Object] (in getUser.js:14)
2017-08-30 22:30:02 [info][Object.<anonymous>] MYSQLHOST : DEVDB (in app.js:113)
2017-08-30 22:30:06 [trace][] ㄹ (in getUser.js:10)
2017-08-30 22:30:06 [trace][] ㄹ (in getUser.js:14)
2017-08-30 22:30:06 [trace][] userObjCHO:[{"USER_NM":"류건우","USER_CHO":"ㄹ,ㄱ,ㅇ","USER_NM_JAMO":"ㄹㅠㄱㅓㄴㅇㅜ","CO_NM":"SBS"}] (in getUser.js:48)
2017-08-30 22:30:06 [trace][] [{"USER_NM":"류건우","USER_CHO":"ㄹ,ㄱ,ㅇ","USER_NM_JAMO":"ㄹㅠㄱㅓㄴㅇㅜ","CO_NM":"SBS"}] (in getUser.js:15)
2017-08-30 22:30:07 [trace][] 류거 (in getUser.js:10)
2017-08-30 22:30:07 [trace][] ㄹㅠㄱㅓ (in getUser.js:14)
2017-08-30 22:30:07 [trace][] [{"USER_NM":"류건우","USER_CHO":"ㄹ,ㄱ,ㅇ","USER_NM_JAMO":"ㄹㅠㄱㅓㄴㅇㅜ","CO_NM":"SBS"}] (in getUser.js:15)
2017-08-30 22:30:07 [trace][] 이건 초성검색이 아닙니다 (in getUser.js:30)
2017-08-30 22:30:07 [trace][] userObjCHO:[] (in getUser.js:48)
2017-08-30 22:30:21 [info][Object.<anonymous>] MYSQLHOST : DEVDB (in app.js:113)
2017-08-30 22:30:42 [trace][] ㄹ (in getUser.js:10)
2017-08-30 22:30:42 [trace][] ㄹ (in getUser.js:14)
2017-08-30 22:30:42 [trace][] [{"USER_NM":"류건우","USER_CHO":"ㄹ,ㄱ,ㅇ","USER_NM_JAMO":"ㄹㅠㄱㅓㄴㅇㅜ","CO_NM":"SBS"}] (in getUser.js:15)
2017-08-30 22:30:42 [trace][] userObjCHO:[{"USER_NM":"류건우","USER_CHO":"ㄹ,ㄱ,ㅇ","USER_NM_JAMO":"ㄹㅠㄱㅓㄴㅇㅜ","CO_NM":"SBS"}] (in getUser.js:48)
2017-08-30 22:30:43 [trace][] 류건우 (in getUser.js:10)
2017-08-30 22:30:43 [trace][] ㄹㅠㄱㅓㄴㅇㅜ (in getUser.js:14)
2017-08-30 22:30:43 [trace][] [{"USER_NM":"류건우","USER_CHO":"ㄹ,ㄱ,ㅇ","USER_NM_JAMO":"ㄹㅠㄱㅓㄴㅇㅜ","CO_NM":"SBS"}] (in getUser.js:15)
2017-08-30 22:30:43 [trace][] 이건 초성검색이 아닙니다 (in getUser.js:30)
2017-08-30 22:30:43 [trace][] userObjCHO:[] (in getUser.js:48)
2017-08-30 22:37:35 [info][Object.<anonymous>] MYSQLHOST : DEVDB (in app.js:113)
2017-08-30 22:37:54 [info][Object.<anonymous>] MYSQLHOST : DEVDB (in app.js:113)
2017-08-30 22:37:57 [trace][] f (in getUser.js:10)
2017-08-30 22:37:57 [trace][] f (in getUser.js:14)
2017-08-30 22:37:57 [trace][] userObjCHO:[] (in getUser.js:48)
2017-08-30 22:37:57 [trace][] [{"USER_NM":"류건우","USER_CHO":"ㄹ,ㄱ,ㅇ","USER_NM_JAMO":"ㄹㅠㄱㅓㄴㅇㅜ","CO_NM":"SBS"}] (in getUser.js:15)
2017-08-30 22:37:58 [trace][] 류건 (in getUser.js:10)
2017-08-30 22:37:58 [trace][] ㄹㅠㄱㅓㄴ (in getUser.js:14)
2017-08-30 22:37:58 [trace][] [{"USER_NM":"류건우","USER_CHO":"ㄹ,ㄱ,ㅇ","USER_NM_JAMO":"ㄹㅠㄱㅓㄴㅇㅜ","CO_NM":"SBS"}] (in getUser.js:15)
2017-08-30 22:37:58 [trace][] 이건 초성검색이 아닙니다 (in getUser.js:30)
2017-08-30 22:37:58 [trace][] userObjCHO:[] (in getUser.js:48)
2017-08-30 22:37:59 [trace][] 류거 (in getUser.js:10)
2017-08-30 22:37:59 [trace][] ㄹㅠㄱㅓ (in getUser.js:14)
2017-08-30 22:37:59 [trace][] [{"USER_NM":"류건우","USER_CHO":"ㄹ,ㄱ,ㅇ","USER_NM_JAMO":"ㄹㅠㄱㅓㄴㅇㅜ","CO_NM":"SBS"}] (in getUser.js:15)
2017-08-30 22:37:59 [trace][] 이건 초성검색이 아닙니다 (in getUser.js:30)
2017-08-30 22:37:59 [trace][] userObjCHO:[] (in getUser.js:48)
2017-08-30 22:38:05 [trace][] ㄹ (in getUser.js:10)
2017-08-30 22:38:05 [trace][] ㄹ (in getUser.js:14)
2017-08-30 22:38:05 [trace][] [{"USER_NM":"류건우","USER_CHO":"ㄹ,ㄱ,ㅇ","USER_NM_JAMO":"ㄹㅠㄱㅓㄴㅇㅜ","CO_NM":"SBS"}] (in getUser.js:15)
2017-08-30 22:38:05 [trace][] userObjCHO:[{"USER_NM":"류건우","USER_CHO":"ㄹ,ㄱ,ㅇ","USER_NM_JAMO":"ㄹㅠㄱㅓㄴㅇㅜ","CO_NM":"SBS"}] (in getUser.js:48)
2017-08-30 22:38:06 [trace][] 륙 (in getUser.js:10)
2017-08-30 22:38:06 [trace][] ㄹㅠㄱ (in getUser.js:14)
2017-08-30 22:38:06 [trace][] [{"USER_NM":"류건우","USER_CHO":"ㄹ,ㄱ,ㅇ","USER_NM_JAMO":"ㄹㅠㄱㅓㄴㅇㅜ","CO_NM":"SBS"}] (in getUser.js:15)
2017-08-30 22:38:06 [trace][] 이건 초성검색이 아닙니다 (in getUser.js:30)
2017-08-30 22:38:06 [trace][] userObjCHO:[] (in getUser.js:48)
2017-08-30 22:38:06 [trace][] 류거 (in getUser.js:10)
2017-08-30 22:38:06 [trace][] ㄹㅠㄱㅓ (in getUser.js:14)
2017-08-30 22:38:06 [trace][] [{"USER_NM":"류건우","USER_CHO":"ㄹ,ㄱ,ㅇ","USER_NM_JAMO":"ㄹㅠㄱㅓㄴㅇㅜ","CO_NM":"SBS"}] (in getUser.js:15)
2017-08-30 22:38:06 [trace][] 이건 초성검색이 아닙니다 (in getUser.js:30)
2017-08-30 22:38:06 [trace][] userObjCHO:[] (in getUser.js:48)
2017-08-30 22:38:26 [trace][] ㄹ (in getUser.js:10)
2017-08-30 22:38:26 [trace][] ㄹ (in getUser.js:14)
2017-08-30 22:38:26 [trace][] [{"USER_NM":"류건우","USER_CHO":"ㄹ,ㄱ,ㅇ","USER_NM_JAMO":"ㄹㅠㄱㅓㄴㅇㅜ","CO_NM":"SBS"}] (in getUser.js:15)
2017-08-30 22:38:26 [trace][] userObjCHO:[{"USER_NM":"류건우","USER_CHO":"ㄹ,ㄱ,ㅇ","USER_NM_JAMO":"ㄹㅠㄱㅓㄴㅇㅜ","CO_NM":"SBS"}] (in getUser.js:48)
2017-08-30 22:38:27 [trace][] 류건우 (in getUser.js:10)
2017-08-30 22:38:27 [trace][] ㄹㅠㄱㅓㄴㅇㅜ (in getUser.js:14)
2017-08-30 22:38:27 [trace][] [{"USER_NM":"류건우","USER_CHO":"ㄹ,ㄱ,ㅇ","USER_NM_JAMO":"ㄹㅠㄱㅓㄴㅇㅜ","CO_NM":"SBS"}] (in getUser.js:15)
2017-08-30 22:38:27 [trace][] userObjCHO:[] (in getUser.js:48)
2017-08-30 22:38:27 [trace][] 이건 초성검색이 아닙니다 (in getUser.js:30)
2017-08-30 22:38:53 [info][Object.<anonymous>] MYSQLHOST : DEVDB (in app.js:113)
2017-08-30 22:38:57 [trace][] ㄹ (in getUser.js:10)
2017-08-30 22:38:57 [trace][] [{"USER_NM":"류건우","USER_CHO":"ㄹ,ㄱ,ㅇ","USER_NM_JAMO":"ㄹㅠㄱㅓㄴㅇㅜ","CO_NM":"SBS"}] (in getUser.js:15)
2017-08-30 22:38:57 [trace][] ㄹ (in getUser.js:14)
2017-08-30 22:38:57 [trace][] userObjCHO:[{"USER_NM":"류건우","USER_CHO":"ㄹ,ㄱ,ㅇ","USER_NM_JAMO":"ㄹㅠㄱㅓㄴㅇㅜ","CO_NM":"SBS"}] (in getUser.js:48)
2017-08-30 22:38:58 [trace][] 류건ㅇ (in getUser.js:10)
2017-08-30 22:38:58 [trace][] [{"USER_NM":"류건우","USER_CHO":"ㄹ,ㄱ,ㅇ","USER_NM_JAMO":"ㄹㅠㄱㅓㄴㅇㅜ","CO_NM":"SBS"}] (in getUser.js:15)
2017-08-30 22:38:58 [trace][] 이건 초성검색이 아닙니다 (in getUser.js:30)
2017-08-30 22:38:58 [trace][] ㄹㅠㄱㅓㄴㅇ (in getUser.js:14)
2017-08-30 22:38:58 [trace][] userObjCHO:[] (in getUser.js:48)
2017-08-30 22:40:58 [info][Object.<anonymous>] MYSQLHOST : DEVDB (in app.js:113)
2017-08-30 22:41:03 [trace][] f (in getUser.js:10)
2017-08-30 22:41:03 [trace][] f (in getUser.js:14)
2017-08-30 22:41:03 [trace][] [{"USER_NM":"류건우","USER_CHO":"ㄹ,ㄱ,ㅇ","USER_NM_JAMO":"ㄹㅠㄱㅓㄴㅇㅜ","CO_NM":"SBS"}] (in getUser.js:15)
2017-08-30 22:41:03 [trace][] userObjCHO:[] (in getUser.js:48)
2017-08-30 22:41:04 [trace][] 류건ㅇ (in getUser.js:10)
2017-08-30 22:41:04 [trace][] ㄹㅠㄱㅓㄴㅇ (in getUser.js:14)
2017-08-30 22:41:04 [trace][] 이건 초성검색이 아닙니다 (in getUser.js:30)
2017-08-30 22:41:04 [trace][] [{"USER_NM":"류건우","USER_CHO":"ㄹ,ㄱ,ㅇ","USER_NM_JAMO":"ㄹㅠㄱㅓㄴㅇㅜ","CO_NM":"SBS"}] (in getUser.js:15)
2017-08-30 22:41:04 [trace][] userObjCHO:[] (in getUser.js:48)
2017-08-30 22:41:20 [info][Object.<anonymous>] MYSQLHOST : DEVDB (in app.js:113)
2017-08-30 22:41:23 [trace][] ㄹ (in getUser.js:10)
2017-08-30 22:41:23 [trace][] ㄹ (in getUser.js:14)
2017-08-30 22:41:23 [trace][] [{"USER_NM":"류건우","USER_CHO":"ㄹ,ㄱ,ㅇ","USER_NM_JAMO":"ㄹㅠㄱㅓㄴㅇㅜ","CO_NM":"SBS"}] (in getUser.js:15)
2017-08-30 22:41:23 [trace][] userObjCHO:[{"USER_NM":"류건우","USER_CHO":"ㄹ,ㄱ,ㅇ","USER_NM_JAMO":"ㄹㅠㄱㅓㄴㅇㅜ","CO_NM":"SBS"}] (in getUser.js:48)
2017-08-30 22:41:23 [trace][] 류 (in getUser.js:10)
2017-08-30 22:41:23 [trace][] ㄹㅠ (in getUser.js:14)
2017-08-30 22:41:23 [trace][] [{"USER_NM":"류건우","USER_CHO":"ㄹ,ㄱ,ㅇ","USER_NM_JAMO":"ㄹㅠㄱㅓㄴㅇㅜ","CO_NM":"SBS"}] (in getUser.js:15)
2017-08-30 22:41:23 [trace][] 이건 초성검색이 아닙니다 (in getUser.js:30)
2017-08-30 22:41:23 [trace][] userObjCHO:[] (in getUser.js:48)
2017-08-30 22:43:22 [info][Object.<anonymous>] MYSQLHOST : DEVDB (in app.js:113)
2017-08-30 22:43:25 [trace][] ㄹ (in getUser.js:10)
2017-08-30 22:43:25 [trace][] userObjCHO:[{"USER_NM":"류건우","USER_CHO":"ㄹ,ㄱ,ㅇ","USER_NM_JAMO":"ㄹㅠㄱㅓㄴㅇㅜ","CO_NM":"SBS"}] (in getUser.js:48)
2017-08-30 22:43:25 [trace][] ㄹ (in getUser.js:14)
2017-08-30 22:43:25 [trace][] [{"USER_NM":"류건우","USER_CHO":"ㄹ,ㄱ,ㅇ","USER_NM_JAMO":"ㄹㅠㄱㅓㄴㅇㅜ","CO_NM":"SBS"}] (in getUser.js:15)
2017-08-30 22:43:26 [trace][] 륙 (in getUser.js:10)
2017-08-30 22:43:26 [trace][] ㄹㅠㄱ (in getUser.js:14)
2017-08-30 22:43:26 [trace][] [{"USER_NM":"류건우","USER_CHO":"ㄹ,ㄱ,ㅇ","USER_NM_JAMO":"ㄹㅠㄱㅓㄴㅇㅜ","CO_NM":"SBS"}] (in getUser.js:15)
2017-08-30 22:43:26 [trace][] 이건 초성검색이 아닙니다 (in getUser.js:30)
2017-08-30 22:43:26 [trace][] userObjCHO:[] (in getUser.js:48)
2017-08-30 22:44:01 [info][Object.<anonymous>] MYSQLHOST : DEVDB (in app.js:113)
2017-08-30 22:44:03 [trace][] f (in getUser.js:10)
2017-08-30 22:44:03 [trace][] f (in getUser.js:14)
2017-08-30 22:44:03 [trace][] [{"USER_NM":"류건우","USER_CHO":"ㄹ,ㄱ,ㅇ","USER_NM_JAMO":"ㄹㅠㄱㅓㄴㅇㅜ","CO_NM":"SBS"}] (in getUser.js:15)
2017-08-30 22:44:03 [trace][] userObjCHO:[] (in getUser.js:48)
2017-08-30 22:44:06 [trace][] 류거 (in getUser.js:10)
2017-08-30 22:44:06 [trace][] [{"USER_NM":"류건우","USER_CHO":"ㄹ,ㄱ,ㅇ","USER_NM_JAMO":"ㄹㅠㄱㅓㄴㅇㅜ","CO_NM":"SBS"}] (in getUser.js:15)
2017-08-30 22:44:06 [trace][] 이건 초성검색이 아닙니다 (in getUser.js:30)
2017-08-30 22:44:06 [trace][] userObjCHO:[] (in getUser.js:48)
2017-08-30 22:44:06 [trace][] ㄹㅠㄱㅓ (in getUser.js:14)
2017-08-30 22:44:06 [trace][] 류건 (in getUser.js:10)
2017-08-30 22:44:06 [trace][] ㄹㅠㄱㅓㄴ (in getUser.js:14)
2017-08-30 22:44:06 [trace][] [{"USER_NM":"류건우","USER_CHO":"ㄹ,ㄱ,ㅇ","USER_NM_JAMO":"ㄹㅠㄱㅓㄴㅇㅜ","CO_NM":"SBS"}] (in getUser.js:15)
2017-08-30 22:44:06 [trace][] 이건 초성검색이 아닙니다 (in getUser.js:30)
2017-08-30 22:44:06 [trace][] userObjCHO:[] (in getUser.js:48)
2017-08-30 22:44:07 [trace][] [object Object] (in getUser.js:10)
2017-08-30 22:44:07 [trace][] [object Object] (in getUser.js:14)
2017-08-30 22:44:07 [trace][] [{"USER_NM":"류건우","USER_CHO":"ㄹ,ㄱ,ㅇ","USER_NM_JAMO":"ㄹㅠㄱㅓㄴㅇㅜ","CO_NM":"SBS"}] (in getUser.js:15)
2017-08-30 22:44:07 [trace][] userObjCHO:[] (in getUser.js:48)
2017-08-30 22:44:56 [info][Object.<anonymous>] MYSQLHOST : DEVDB (in app.js:113)
2017-08-30 22:45:11 [info][Object.<anonymous>] MYSQLHOST : DEVDB (in app.js:113)
2017-08-30 22:45:14 [trace][] ㄹ (in getUser.js:10)
2017-08-30 22:45:14 [trace][] [{"USER_NM":"류건우","USER_CHO":"ㄹ,ㄱ,ㅇ","USER_NM_JAMO":"ㄹㅠㄱㅓㄴㅇㅜ","CO_NM":"SBS"}] (in getUser.js:15)
2017-08-30 22:45:14 [trace][] ㄹ (in getUser.js:14)
2017-08-30 22:45:14 [trace][] userObjCHO:[{"USER_NM":"류건우","USER_CHO":"ㄹ,ㄱ,ㅇ","USER_NM_JAMO":"ㄹㅠㄱㅓㄴㅇㅜ","CO_NM":"SBS"}] (in getUser.js:48)
2017-08-30 22:45:15 [trace][] 류건 (in getUser.js:10)
2017-08-30 22:45:15 [trace][] ㄹㅠㄱㅓㄴ (in getUser.js:14)
2017-08-30 22:45:15 [trace][] [{"USER_NM":"류건우","USER_CHO":"ㄹ,ㄱ,ㅇ","USER_NM_JAMO":"ㄹㅠㄱㅓㄴㅇㅜ","CO_NM":"SBS"}] (in getUser.js:15)
2017-08-30 22:45:15 [trace][] 이건 초성검색이 아닙니다 (in getUser.js:30)
2017-08-30 22:45:15 [trace][] userObjCHO:[] (in getUser.js:48)
2017-08-30 22:45:16 [trace][] [object Object] (in getUser.js:10)
2017-08-30 22:45:16 [trace][] [object Object] (in getUser.js:14)
2017-08-30 22:45:16 [trace][] [{"USER_NM":"류건우","USER_CHO":"ㄹ,ㄱ,ㅇ","USER_NM_JAMO":"ㄹㅠㄱㅓㄴㅇㅜ","CO_NM":"SBS"}] (in getUser.js:15)
2017-08-30 22:45:16 [trace][] userObjCHO:[] (in getUser.js:48)
2017-08-30 22:45:29 [info][Object.<anonymous>] MYSQLHOST : DEVDB (in app.js:113)
2017-08-30 22:45:32 [trace][] ㄹ (in getUser.js:10)
2017-08-30 22:45:32 [trace][] ㄹ (in getUser.js:14)
2017-08-30 22:45:32 [trace][] [{"USER_NM":"류건우","USER_CHO":"ㄹ,ㄱ,ㅇ","USER_NM_JAMO":"ㄹㅠㄱㅓㄴㅇㅜ","CO_NM":"SBS"}] (in getUser.js:15)
2017-08-30 22:45:32 [trace][] userObjCHO:[{"USER_NM":"류건우","USER_CHO":"ㄹ,ㄱ,ㅇ","USER_NM_JAMO":"ㄹㅠㄱㅓㄴㅇㅜ","CO_NM":"SBS"}] (in getUser.js:48)
2017-08-30 22:45:33 [trace][] 류 (in getUser.js:10)
2017-08-30 22:45:33 [trace][] ㄹㅠ (in getUser.js:14)
2017-08-30 22:45:33 [trace][] [{"USER_NM":"류건우","USER_CHO":"ㄹ,ㄱ,ㅇ","USER_NM_JAMO":"ㄹㅠㄱㅓㄴㅇㅜ","CO_NM":"SBS"}] (in getUser.js:15)
2017-08-30 22:45:33 [trace][] 이건 초성검색이 아닙니다 (in getUser.js:30)
2017-08-30 22:45:33 [trace][] userObjCHO:[] (in getUser.js:48)
2017-08-30 22:45:34 [trace][] [object Object] (in getUser.js:10)
2017-08-30 22:45:34 [trace][] [object Object] (in getUser.js:14)
2017-08-30 22:45:34 [trace][] userObjCHO:[] (in getUser.js:48)
2017-08-30 22:45:34 [trace][] [{"USER_NM":"류건우","USER_CHO":"ㄹ,ㄱ,ㅇ","USER_NM_JAMO":"ㄹㅠㄱㅓㄴㅇㅜ","CO_NM":"SBS"}] (in getUser.js:15)
2017-08-30 22:46:59 [info][Object.<anonymous>] MYSQLHOST : DEVDB (in app.js:113)
2017-08-30 22:47:04 [trace][] ㄹ (in getUser.js:10)
2017-08-30 22:47:04 [trace][] ㄹ (in getUser.js:14)
2017-08-30 22:47:04 [trace][] [{"USER_NM":"류건우","USER_CHO":"ㄹ,ㄱ,ㅇ","USER_NM_JAMO":"ㄹㅠㄱㅓㄴㅇㅜ","CO_NM":"SBS"}] (in getUser.js:15)
2017-08-30 22:47:04 [trace][] userObjCHO:[{"USER_NM":"류건우","USER_CHO":"ㄹ,ㄱ,ㅇ","USER_NM_JAMO":"ㄹㅠㄱㅓㄴㅇㅜ","CO_NM":"SBS"}] (in getUser.js:48)
2017-08-30 22:47:05 [trace][] 류 (in getUser.js:10)
2017-08-30 22:47:05 [trace][] ㄹㅠ (in getUser.js:14)
2017-08-30 22:47:05 [trace][] [{"USER_NM":"류건우","USER_CHO":"ㄹ,ㄱ,ㅇ","USER_NM_JAMO":"ㄹㅠㄱㅓㄴㅇㅜ","CO_NM":"SBS"}] (in getUser.js:15)
2017-08-30 22:47:05 [trace][] 이건 초성검색이 아닙니다 (in getUser.js:30)
2017-08-30 22:47:05 [trace][] userObjCHO:[] (in getUser.js:48)
2017-08-30 22:47:51 [info][Object.<anonymous>] MYSQLHOST : DEVDB (in app.js:113)
2017-08-30 22:47:55 [trace][] ㄹ (in getUser.js:10)
2017-08-30 22:47:55 [trace][] [{"USER_NM":"류건우","USER_CHO":"ㄹ,ㄱ,ㅇ","USER_NM_JAMO":"ㄹㅠㄱㅓㄴㅇㅜ","CO_NM":"SBS"}] (in getUser.js:15)
2017-08-30 22:47:55 [trace][] userObjCHO:[{"USER_NM":"류건우","USER_CHO":"ㄹ,ㄱ,ㅇ","USER_NM_JAMO":"ㄹㅠㄱㅓㄴㅇㅜ","CO_NM":"SBS"}] (in getUser.js:48)
2017-08-30 22:47:55 [trace][] ㄹ (in getUser.js:14)
2017-08-30 22:47:55 [trace][] 류 (in getUser.js:10)
2017-08-30 22:47:55 [trace][] ㄹㅠ (in getUser.js:14)
2017-08-30 22:47:55 [trace][] 이건 초성검색이 아닙니다 (in getUser.js:30)
2017-08-30 22:47:55 [trace][] [{"USER_NM":"류건우","USER_CHO":"ㄹ,ㄱ,ㅇ","USER_NM_JAMO":"ㄹㅠㄱㅓㄴㅇㅜ","CO_NM":"SBS"}] (in getUser.js:15)
2017-08-30 22:47:55 [trace][] userObjCHO:[] (in getUser.js:48)
2017-08-30 22:47:56 [trace][] 류건우$SBS (in getUser.js:10)
2017-08-30 22:47:56 [trace][] ㄹㅠㄱㅓㄴㅇㅜ$SBS (in getUser.js:14)
2017-08-30 22:47:56 [trace][] [{"USER_NM":"류건우","USER_CHO":"ㄹ,ㄱ,ㅇ","USER_NM_JAMO":"ㄹㅠㄱㅓㄴㅇㅜ","CO_NM":"SBS"}] (in getUser.js:15)
2017-08-30 22:47:56 [trace][] 이건 초성검색이 아닙니다 (in getUser.js:30)
2017-08-30 22:47:56 [trace][] userObjCHO:[] (in getUser.js:48)
2017-08-30 22:48:20 [info][Object.<anonymous>] MYSQLHOST : DEVDB (in app.js:113)
2017-08-30 22:48:26 [trace][] ㄹ (in getUser.js:10)
2017-08-30 22:48:26 [trace][] ㄹ (in getUser.js:14)
2017-08-30 22:48:26 [trace][] [{"USER_NM":"류건우","USER_CHO":"ㄹ,ㄱ,ㅇ","USER_NM_JAMO":"ㄹㅠㄱㅓㄴㅇㅜ","CO_NM":"SBS"}] (in getUser.js:15)
2017-08-30 22:48:26 [trace][] userObjCHO:[{"USER_NM":"류건우","USER_CHO":"ㄹ,ㄱ,ㅇ","USER_NM_JAMO":"ㄹㅠㄱㅓㄴㅇㅜ","CO_NM":"SBS"}] (in getUser.js:48)
2017-08-30 22:48:27 [trace][] 류 (in getUser.js:10)
2017-08-30 22:48:27 [trace][] ㄹㅠ (in getUser.js:14)
2017-08-30 22:48:27 [trace][] [{"USER_NM":"류건우","USER_CHO":"ㄹ,ㄱ,ㅇ","USER_NM_JAMO":"ㄹㅠㄱㅓㄴㅇㅜ","CO_NM":"SBS"}] (in getUser.js:15)
2017-08-30 22:48:27 [trace][] userObjCHO:[] (in getUser.js:48)
2017-08-30 22:48:27 [trace][] 이건 초성검색이 아닙니다 (in getUser.js:30)
2017-08-30 22:49:57 [info][Object.<anonymous>] MYSQLHOST : DEVDB (in app.js:113)
2017-08-30 22:50:01 [trace][] ㄹ (in getUser.js:10)
2017-08-30 22:50:01 [trace][] [{"USER_NM":"류건우","USER_CHO":"ㄹ,ㄱ,ㅇ","USER_NM_JAMO":"ㄹㅠㄱㅓㄴㅇㅜ","CO_NM":"SBS"}] (in getUser.js:15)
2017-08-30 22:50:01 [trace][] userObjCHO:[{"USER_NM":"류건우","USER_CHO":"ㄹ,ㄱ,ㅇ","USER_NM_JAMO":"ㄹㅠㄱㅓㄴㅇㅜ","CO_NM":"SBS"}] (in getUser.js:48)
2017-08-30 22:50:01 [trace][] ㄹ (in getUser.js:14)
2017-08-30 22:50:02 [trace][] 류 (in getUser.js:10)
2017-08-30 22:50:02 [trace][] ㄹㅠ (in getUser.js:14)
2017-08-30 22:50:02 [trace][] [{"USER_NM":"류건우","USER_CHO":"ㄹ,ㄱ,ㅇ","USER_NM_JAMO":"ㄹㅠㄱㅓㄴㅇㅜ","CO_NM":"SBS"}] (in getUser.js:15)
2017-08-30 22:50:02 [trace][] 이건 초성검색이 아닙니다 (in getUser.js:30)
2017-08-30 22:50:02 [trace][] userObjCHO:[] (in getUser.js:48)
2017-08-30 22:50:03 [trace][] 류 (in getUser.js:10)
2017-08-30 22:50:03 [trace][] ㄹㅠ (in getUser.js:14)
2017-08-30 22:50:03 [trace][] [{"USER_NM":"류건우","USER_CHO":"ㄹ,ㄱ,ㅇ","USER_NM_JAMO":"ㄹㅠㄱㅓㄴㅇㅜ","CO_NM":"SBS"}] (in getUser.js:15)
2017-08-30 22:50:03 [trace][] 이건 초성검색이 아닙니다 (in getUser.js:30)
2017-08-30 22:50:03 [trace][] userObjCHO:[] (in getUser.js:48)
2017-08-30 22:50:10 [trace][] ㄹ (in getUser.js:10)
2017-08-30 22:50:10 [trace][] ㄹ (in getUser.js:14)
2017-08-30 22:50:10 [trace][] [{"USER_NM":"류건우","USER_CHO":"ㄹ,ㄱ,ㅇ","USER_NM_JAMO":"ㄹㅠㄱㅓㄴㅇㅜ","CO_NM":"SBS"}] (in getUser.js:15)
2017-08-30 22:50:10 [trace][] userObjCHO:[{"USER_NM":"류건우","USER_CHO":"ㄹ,ㄱ,ㅇ","USER_NM_JAMO":"ㄹㅠㄱㅓㄴㅇㅜ","CO_NM":"SBS"}] (in getUser.js:48)
2017-08-30 22:50:11 [trace][] 류거 (in getUser.js:10)
2017-08-30 22:50:11 [trace][] ㄹㅠㄱㅓ (in getUser.js:14)
2017-08-30 22:50:11 [trace][] [{"USER_NM":"류건우","USER_CHO":"ㄹ,ㄱ,ㅇ","USER_NM_JAMO":"ㄹㅠㄱㅓㄴㅇㅜ","CO_NM":"SBS"}] (in getUser.js:15)
2017-08-30 22:50:11 [trace][] 이건 초성검색이 아닙니다 (in getUser.js:30)
2017-08-30 22:50:11 [trace][] userObjCHO:[] (in getUser.js:48)
2017-08-30 22:50:13 [trace][] 류거 (in getUser.js:10)
2017-08-30 22:50:13 [trace][] ㄹㅠㄱㅓ (in getUser.js:14)
2017-08-30 22:50:13 [trace][] [{"USER_NM":"류건우","USER_CHO":"ㄹ,ㄱ,ㅇ","USER_NM_JAMO":"ㄹㅠㄱㅓㄴㅇㅜ","CO_NM":"SBS"}] (in getUser.js:15)
2017-08-30 22:50:13 [trace][] 이건 초성검색이 아닙니다 (in getUser.js:30)
2017-08-30 22:50:13 [trace][] userObjCHO:[] (in getUser.js:48)
2017-08-30 22:50:19 [trace][] 류 (in getUser.js:10)
2017-08-30 22:50:19 [trace][] ㄹㅠ (in getUser.js:14)
2017-08-30 22:50:19 [trace][] [{"USER_NM":"류건우","USER_CHO":"ㄹ,ㄱ,ㅇ","USER_NM_JAMO":"ㄹㅠㄱㅓㄴㅇㅜ","CO_NM":"SBS"}] (in getUser.js:15)
2017-08-30 22:50:19 [trace][] 이건 초성검색이 아닙니다 (in getUser.js:30)
2017-08-30 22:50:19 [trace][] userObjCHO:[] (in getUser.js:48)
2017-08-30 22:50:21 [trace][] 류거 (in getUser.js:10)
2017-08-30 22:50:21 [trace][] ㄹㅠㄱㅓ (in getUser.js:14)
2017-08-30 22:50:21 [trace][] [{"USER_NM":"류건우","USER_CHO":"ㄹ,ㄱ,ㅇ","USER_NM_JAMO":"ㄹㅠㄱㅓㄴㅇㅜ","CO_NM":"SBS"}] (in getUser.js:15)
2017-08-30 22:50:21 [trace][] 이건 초성검색이 아닙니다 (in getUser.js:30)
2017-08-30 22:50:21 [trace][] userObjCHO:[] (in getUser.js:48)
2017-08-30 22:50:51 [info][Object.<anonymous>] MYSQLHOST : DEVDB (in app.js:113)
2017-08-30 22:50:54 [trace][] ㄹ (in getUser.js:10)
2017-08-30 22:50:54 [trace][] [{"USER_NM":"류건우","USER_CHO":"ㄹ,ㄱ,ㅇ","USER_NM_JAMO":"ㄹㅠㄱㅓㄴㅇㅜ","CO_NM":"SBS"}] (in getUser.js:15)
2017-08-30 22:50:54 [trace][] userObjCHO:[{"USER_NM":"류건우","USER_CHO":"ㄹ,ㄱ,ㅇ","USER_NM_JAMO":"ㄹㅠㄱㅓㄴㅇㅜ","CO_NM":"SBS"}] (in getUser.js:48)
2017-08-30 22:50:54 [trace][] ㄹ (in getUser.js:14)
2017-08-30 22:50:55 [trace][] 류건 (in getUser.js:10)
2017-08-30 22:50:55 [trace][] ㄹㅠㄱㅓㄴ (in getUser.js:14)
2017-08-30 22:50:55 [trace][] [{"USER_NM":"류건우","USER_CHO":"ㄹ,ㄱ,ㅇ","USER_NM_JAMO":"ㄹㅠㄱㅓㄴㅇㅜ","CO_NM":"SBS"}] (in getUser.js:15)
2017-08-30 22:50:55 [trace][] 이건 초성검색이 아닙니다 (in getUser.js:30)
2017-08-30 22:50:55 [trace][] userObjCHO:[] (in getUser.js:48)
2017-08-30 22:51:27 [info][Object.<anonymous>] MYSQLHOST : DEVDB (in app.js:113)
2017-08-30 22:51:30 [trace][] ㄹ (in getUser.js:10)
2017-08-30 22:51:30 [trace][] ㄹ (in getUser.js:14)
2017-08-30 22:51:30 [trace][] [{"USER_NM":"류건우","USER_CHO":"ㄹ,ㄱ,ㅇ","USER_NM_JAMO":"ㄹㅠㄱㅓㄴㅇㅜ","CO_NM":"SBS"}] (in getUser.js:15)
2017-08-30 22:51:30 [trace][] userObjCHO:[{"USER_NM":"류건우","USER_CHO":"ㄹ,ㄱ,ㅇ","USER_NM_JAMO":"ㄹㅠㄱㅓㄴㅇㅜ","CO_NM":"SBS"}] (in getUser.js:48)
2017-08-30 22:51:31 [trace][] 륙 (in getUser.js:10)
2017-08-30 22:51:31 [trace][] ㄹㅠㄱ (in getUser.js:14)
2017-08-30 22:51:31 [trace][] [{"USER_NM":"류건우","USER_CHO":"ㄹ,ㄱ,ㅇ","USER_NM_JAMO":"ㄹㅠㄱㅓㄴㅇㅜ","CO_NM":"SBS"}] (in getUser.js:15)
2017-08-30 22:51:31 [trace][] 이건 초성검색이 아닙니다 (in getUser.js:30)
2017-08-30 22:51:31 [trace][] userObjCHO:[] (in getUser.js:48)
2017-08-30 22:51:32 [trace][] 류거 (in getUser.js:10)
2017-08-30 22:51:32 [trace][] ㄹㅠㄱㅓ (in getUser.js:14)
2017-08-30 22:51:32 [trace][] [{"USER_NM":"류건우","USER_CHO":"ㄹ,ㄱ,ㅇ","USER_NM_JAMO":"ㄹㅠㄱㅓㄴㅇㅜ","CO_NM":"SBS"}] (in getUser.js:15)
2017-08-30 22:51:32 [trace][] 이건 초성검색이 아닙니다 (in getUser.js:30)
2017-08-30 22:51:32 [trace][] userObjCHO:[] (in getUser.js:48)
2017-08-30 22:51:40 [trace][] 류건 (in getUser.js:10)
2017-08-30 22:51:40 [trace][] ㄹㅠㄱㅓㄴ (in getUser.js:14)
2017-08-30 22:51:40 [trace][] [{"USER_NM":"류건우","USER_CHO":"ㄹ,ㄱ,ㅇ","USER_NM_JAMO":"ㄹㅠㄱㅓㄴㅇㅜ","CO_NM":"SBS"}] (in getUser.js:15)
2017-08-30 22:51:40 [trace][] 이건 초성검색이 아닙니다 (in getUser.js:30)
2017-08-30 22:51:40 [trace][] userObjCHO:[] (in getUser.js:48)
2017-08-30 22:52:20 [info][Object.<anonymous>] MYSQLHOST : DEVDB (in app.js:113)
2017-08-30 22:53:43 [trace][] f (in getUser.js:10)
2017-08-30 22:53:43 [trace][] f (in getUser.js:14)
2017-08-30 22:53:43 [trace][] [{"USER_NM":"류건우","USER_CHO":"ㄹ,ㄱ,ㅇ","USER_NM_JAMO":"ㄹㅠㄱㅓㄴㅇㅜ","CO_NM":"SBS"}] (in getUser.js:15)
2017-08-30 22:53:43 [trace][] userObjCHO:[] (in getUser.js:48)
2017-08-30 22:53:44 [trace][] fb (in getUser.js:10)
2017-08-30 22:53:44 [trace][] [{"USER_NM":"류건우","USER_CHO":"ㄹ,ㄱ,ㅇ","USER_NM_JAMO":"ㄹㅠㄱㅓㄴㅇㅜ","CO_NM":"SBS"}] (in getUser.js:15)
2017-08-30 22:53:44 [trace][] fb (in getUser.js:14)
2017-08-30 22:53:44 [trace][] userObjCHO:[] (in getUser.js:48)
2017-08-30 22:53:45 [trace][] 류 (in getUser.js:10)
2017-08-30 22:53:45 [trace][] ㄹㅠ (in getUser.js:14)
2017-08-30 22:53:45 [trace][] [{"USER_NM":"류건우","USER_CHO":"ㄹ,ㄱ,ㅇ","USER_NM_JAMO":"ㄹㅠㄱㅓㄴㅇㅜ","CO_NM":"SBS"}] (in getUser.js:15)
2017-08-30 22:53:45 [trace][] 이건 초성검색이 아닙니다 (in getUser.js:30)
2017-08-30 22:53:45 [trace][] userObjCHO:[] (in getUser.js:48)
2017-08-30 22:55:45 [info][Object.<anonymous>] MYSQLHOST : DEVDB (in app.js:113)
2017-08-30 22:55:48 [trace][] ㄹ (in getUser.js:10)
2017-08-30 22:55:48 [trace][] [{"USER_NM":"류건우","USER_CHO":"ㄹ,ㄱ,ㅇ","USER_NM_JAMO":"ㄹㅠㄱㅓㄴㅇㅜ","CO_NM":"SBS"}] (in getUser.js:15)
2017-08-30 22:55:48 [trace][] userObjCHO:[{"USER_NM":"류건우","USER_CHO":"ㄹ,ㄱ,ㅇ","USER_NM_JAMO":"ㄹㅠㄱㅓㄴㅇㅜ","CO_NM":"SBS"}] (in getUser.js:48)
2017-08-30 22:55:48 [trace][] ㄹ (in getUser.js:14)
2017-08-30 22:56:51 [info][Object.<anonymous>] MYSQLHOST : DEVDB (in app.js:113)
2017-08-30 22:56:54 [trace][] ㄹ (in getUser.js:10)
2017-08-30 22:56:54 [trace][] [{"USER_NM":"류건우","USER_CHO":"ㄹ,ㄱ,ㅇ","USER_NM_JAMO":"ㄹㅠㄱㅓㄴㅇㅜ","CO_NM":"SBS"}] (in getUser.js:15)
2017-08-30 22:56:54 [trace][] userObjCHO:[{"USER_NM":"류건우","USER_CHO":"ㄹ,ㄱ,ㅇ","USER_NM_JAMO":"ㄹㅠㄱㅓㄴㅇㅜ","CO_NM":"SBS"}] (in getUser.js:48)
2017-08-30 22:56:54 [trace][] ㄹ (in getUser.js:14)
2017-08-30 22:56:55 [trace][] 류 (in getUser.js:10)
2017-08-30 22:56:55 [trace][] [{"USER_NM":"류건우","USER_CHO":"ㄹ,ㄱ,ㅇ","USER_NM_JAMO":"ㄹㅠㄱㅓㄴㅇㅜ","CO_NM":"SBS"}] (in getUser.js:15)
2017-08-30 22:56:55 [trace][] 이건 초성검색이 아닙니다 (in getUser.js:30)
2017-08-30 22:56:55 [trace][] userObjCHO:[] (in getUser.js:48)
2017-08-30 22:56:55 [trace][] ㄹㅠ (in getUser.js:14)
2017-08-30 22:57:16 [info][Object.<anonymous>] MYSQLHOST : DEVDB (in app.js:113)
2017-08-30 22:57:19 [trace][] ㄹ (in getUser.js:10)
2017-08-30 22:57:19 [trace][] ㄹ (in getUser.js:14)
2017-08-30 22:57:19 [trace][] [{"USER_NM":"류건우","USER_CHO":"ㄹ,ㄱ,ㅇ","USER_NM_JAMO":"ㄹㅠㄱㅓㄴㅇㅜ","CO_NM":"SBS"}] (in getUser.js:15)
2017-08-30 22:57:19 [trace][] userObjCHO:[{"USER_NM":"류건우","USER_CHO":"ㄹ,ㄱ,ㅇ","USER_NM_JAMO":"ㄹㅠㄱㅓㄴㅇㅜ","CO_NM":"SBS"}] (in getUser.js:48)
2017-08-30 23:01:12 [info][Object.<anonymous>] MYSQLHOST : DEVDB (in app.js:113)
2017-08-30 23:04:12 [info][Object.<anonymous>] MYSQLHOST : DEVDB (in app.js:113)
2017-08-30 23:05:18 [info][Object.<anonymous>] MYSQLHOST : DEVDB (in app.js:113)
2017-08-30 23:05:52 [trace][] f (in getUser.js:10)
2017-08-30 23:05:52 [trace][] f (in getUser.js:14)
2017-08-30 23:05:52 [trace][] [{"USER_NM":"류건우","USER_CHO":"ㄹ,ㄱ,ㅇ","USER_NM_JAMO":"ㄹㅠㄱㅓㄴㅇㅜ","CO_NM":"SBS"}] (in getUser.js:15)
2017-08-30 23:05:52 [trace][] userObjCHO:[] (in getUser.js:48)
2017-08-30 23:05:53 [trace][] 류건 (in getUser.js:10)
2017-08-30 23:05:53 [trace][] ㄹㅠㄱㅓㄴ (in getUser.js:14)
2017-08-30 23:05:53 [trace][] [{"USER_NM":"류건우","USER_CHO":"ㄹ,ㄱ,ㅇ","USER_NM_JAMO":"ㄹㅠㄱㅓㄴㅇㅜ","CO_NM":"SBS"}] (in getUser.js:15)
2017-08-30 23:05:53 [trace][] 이건 초성검색이 아닙니다 (in getUser.js:30)
2017-08-30 23:05:53 [trace][] userObjCHO:[] (in getUser.js:48)
2017-08-30 23:05:54 [trace][] 류건우 (in getUser.js:10)
2017-08-30 23:05:54 [trace][] ㄹㅠㄱㅓㄴㅇㅜ (in getUser.js:14)
2017-08-30 23:05:54 [trace][] [{"USER_NM":"류건우","USER_CHO":"ㄹ,ㄱ,ㅇ","USER_NM_JAMO":"ㄹㅠㄱㅓㄴㅇㅜ","CO_NM":"SBS"}] (in getUser.js:15)
2017-08-30 23:05:54 [trace][] userObjCHO:[] (in getUser.js:48)
2017-08-30 23:05:54 [trace][] 이건 초성검색이 아닙니다 (in getUser.js:30)
2017-08-30 23:06:02 [trace][] 정이 (in getUser.js:10)
2017-08-30 23:06:02 [trace][] ㅈㅓㅇㅇㅣ (in getUser.js:14)
2017-08-30 23:06:02 [trace][] [{"USER_NM":"류건우","USER_CHO":"ㄹ,ㄱ,ㅇ","USER_NM_JAMO":"ㄹㅠㄱㅓㄴㅇㅜ","CO_NM":"SBS"}] (in getUser.js:15)
2017-08-30 23:06:02 [trace][] 이건 초성검색이 아닙니다 (in getUser.js:30)
2017-08-30 23:06:02 [trace][] userObjCHO:[] (in getUser.js:48)
2017-08-30 23:06:02 [trace][] 정일 (in getUser.js:10)
2017-08-30 23:06:02 [trace][] ㅈㅓㅇㅇㅣㄹ (in getUser.js:14)
2017-08-30 23:06:02 [trace][] [{"USER_NM":"류건우","USER_CHO":"ㄹ,ㄱ,ㅇ","USER_NM_JAMO":"ㄹㅠㄱㅓㄴㅇㅜ","CO_NM":"SBS"}] (in getUser.js:15)
2017-08-30 23:06:02 [trace][] 이건 초성검색이 아닙니다 (in getUser.js:30)
2017-08-30 23:06:02 [trace][] userObjCHO:[] (in getUser.js:48)
2017-08-30 23:08:55 [trace][] ㄹ (in getUser.js:10)
2017-08-30 23:08:55 [trace][] [{"USER_NM":"류건우","USER_CHO":"ㄹ,ㄱ,ㅇ","USER_NM_JAMO":"ㄹㅠㄱㅓㄴㅇㅜ","CO_NM":"SBS"}] (in getUser.js:15)
2017-08-30 23:08:55 [trace][] userObjCHO:[{"USER_NM":"류건우","USER_CHO":"ㄹ,ㄱ,ㅇ","USER_NM_JAMO":"ㄹㅠㄱㅓㄴㅇㅜ","CO_NM":"SBS"}] (in getUser.js:48)
2017-08-30 23:08:55 [trace][] ㄹ (in getUser.js:14)
2017-08-30 23:08:56 [trace][] 류 (in getUser.js:10)
2017-08-30 23:08:56 [trace][] ㄹㅠ (in getUser.js:14)
2017-08-30 23:08:56 [trace][] [{"USER_NM":"류건우","USER_CHO":"ㄹ,ㄱ,ㅇ","USER_NM_JAMO":"ㄹㅠㄱㅓㄴㅇㅜ","CO_NM":"SBS"}] (in getUser.js:15)
2017-08-30 23:08:56 [trace][] 이건 초성검색이 아닙니다 (in getUser.js:30)
2017-08-30 23:08:56 [trace][] userObjCHO:[] (in getUser.js:48)
2017-08-30 23:09:09 [trace][] ㄺ (in getUser.js:10)
2017-08-30 23:09:09 [trace][] ㄹㄱ (in getUser.js:14)
2017-08-30 23:09:09 [trace][] [{"USER_NM":"류건우","USER_CHO":"ㄹ,ㄱ,ㅇ","USER_NM_JAMO":"ㄹㅠㄱㅓㄴㅇㅜ","CO_NM":"SBS"}] (in getUser.js:15)
2017-08-30 23:09:09 [trace][] userObjCHO:[{"USER_NM":"류건우","USER_CHO":"ㄹ,ㄱ,ㅇ","USER_NM_JAMO":"ㄹㅠㄱㅓㄴㅇㅜ","CO_NM":"SBS"}] (in getUser.js:48)
2017-08-30 23:12:49 [info][Object.<anonymous>] MYSQLHOST : DEVDB (in app.js:113)
2017-08-30 23:12:54 [trace][] ㄹ (in getUser.js:10)
2017-08-30 23:12:54 [trace][] ㄹ (in getUser.js:14)
2017-08-30 23:12:54 [trace][] [{"USER_NM":"류건우","USER_CHO":"ㄹ,ㄱ,ㅇ","USER_NM_JAMO":"ㄹㅠㄱㅓㄴㅇㅜ","CO_NM":"SBS"}] (in getUser.js:15)
2017-08-30 23:12:54 [trace][] userObjCHO:[{"USER_NM":"류건우","USER_CHO":"ㄹ,ㄱ,ㅇ","USER_NM_JAMO":"ㄹㅠㄱㅓㄴㅇㅜ","CO_NM":"SBS"}] (in getUser.js:48)
2017-08-30 23:12:55 [trace][] 류 (in getUser.js:10)
2017-08-30 23:12:55 [trace][] ㄹㅠ (in getUser.js:14)
2017-08-30 23:12:55 [trace][] [{"USER_NM":"류건우","USER_CHO":"ㄹ,ㄱ,ㅇ","USER_NM_JAMO":"ㄹㅠㄱㅓㄴㅇㅜ","CO_NM":"SBS"}] (in getUser.js:15)
2017-08-30 23:12:55 [trace][] 이건 초성검색이 아닙니다 (in getUser.js:30)
2017-08-30 23:12:55 [trace][] userObjCHO:[] (in getUser.js:48)
2017-08-30 23:12:59 [trace][] 륙 (in getUser.js:10)
2017-08-30 23:12:59 [trace][] [{"USER_NM":"류건우","USER_CHO":"ㄹ,ㄱ,ㅇ","USER_NM_JAMO":"ㄹㅠㄱㅓㄴㅇㅜ","CO_NM":"SBS"}] (in getUser.js:15)
2017-08-30 23:12:59 [trace][] ㄹㅠㄱ (in getUser.js:14)
2017-08-30 23:12:59 [trace][] 이건 초성검색이 아닙니다 (in getUser.js:30)
2017-08-30 23:12:59 [trace][] userObjCHO:[] (in getUser.js:48)
2017-08-30 23:13:00 [trace][] 류거 (in getUser.js:10)
2017-08-30 23:13:00 [trace][] ㄹㅠㄱㅓ (in getUser.js:14)
2017-08-30 23:13:00 [trace][] [{"USER_NM":"류건우","USER_CHO":"ㄹ,ㄱ,ㅇ","USER_NM_JAMO":"ㄹㅠㄱㅓㄴㅇㅜ","CO_NM":"SBS"}] (in getUser.js:15)
2017-08-30 23:13:00 [trace][] 이건 초성검색이 아닙니다 (in getUser.js:30)
2017-08-30 23:13:00 [trace][] userObjCHO:[] (in getUser.js:48)
2017-08-30 23:30:18 [trace][] 류 (in getUser.js:10)
2017-08-30 23:30:18 [trace][] ㄹㅠ (in getUser.js:14)
2017-08-30 23:30:18 [trace][] [{"USER_NM":"류건우","USER_CHO":"ㄹ,ㄱ,ㅇ","USER_NM_JAMO":"ㄹㅠㄱㅓㄴㅇㅜ","CO_NM":"SBS"}] (in getUser.js:15)
2017-08-30 23:30:18 [trace][] userObjCHO:[] (in getUser.js:48)
2017-08-30 23:30:18 [trace][] 이건 초성검색이 아닙니다 (in getUser.js:30)
2017-08-30 23:30:19 [trace][] 류거 (in getUser.js:10)
2017-08-30 23:30:19 [trace][] ㄹㅠㄱㅓ (in getUser.js:14)
2017-08-30 23:30:19 [trace][] [{"USER_NM":"류건우","USER_CHO":"ㄹ,ㄱ,ㅇ","USER_NM_JAMO":"ㄹㅠㄱㅓㄴㅇㅜ","CO_NM":"SBS"}] (in getUser.js:15)
2017-08-30 23:30:19 [trace][] 이건 초성검색이 아닙니다 (in getUser.js:30)
2017-08-30 23:30:19 [trace][] userObjCHO:[] (in getUser.js:48)
2017-08-30 23:30:19 [trace][] 류건우 (in getUser.js:10)
2017-08-30 23:30:19 [trace][] ㄹㅠㄱㅓㄴㅇㅜ (in getUser.js:14)
2017-08-30 23:30:19 [trace][] [{"USER_NM":"류건우","USER_CHO":"ㄹ,ㄱ,ㅇ","USER_NM_JAMO":"ㄹㅠㄱㅓㄴㅇㅜ","CO_NM":"SBS"}] (in getUser.js:15)
2017-08-30 23:30:19 [trace][] 이건 초성검색이 아닙니다 (in getUser.js:30)
2017-08-30 23:30:19 [trace][] userObjCHO:[] (in getUser.js:48)
2017-08-30 23:30:24 [trace][] ㄹㅠ (in getUser.js:14)
2017-08-30 23:30:24 [trace][] 류 (in getUser.js:10)
2017-08-30 23:30:24 [trace][] [{"USER_NM":"류건우","USER_CHO":"ㄹ,ㄱ,ㅇ","USER_NM_JAMO":"ㄹㅠㄱㅓㄴㅇㅜ","CO_NM":"SBS"}] (in getUser.js:15)
2017-08-30 23:30:24 [trace][] 이건 초성검색이 아닙니다 (in getUser.js:30)
2017-08-30 23:30:24 [trace][] userObjCHO:[] (in getUser.js:48)
2017-08-30 23:30:25 [trace][] 류건우 (in getUser.js:10)
2017-08-30 23:30:25 [trace][] ㄹㅠㄱㅓㄴㅇㅜ (in getUser.js:14)
2017-08-30 23:30:25 [trace][] [{"USER_NM":"류건우","USER_CHO":"ㄹ,ㄱ,ㅇ","USER_NM_JAMO":"ㄹㅠㄱㅓㄴㅇㅜ","CO_NM":"SBS"}] (in getUser.js:15)
2017-08-30 23:30:25 [trace][] userObjCHO:[] (in getUser.js:48)
2017-08-30 23:30:25 [trace][] 이건 초성검색이 아닙니다 (in getUser.js:30)
2017-08-30 23:30:31 [trace][] ㄹ (in getUser.js:10)
2017-08-30 23:30:31 [trace][] ㄹ (in getUser.js:14)
2017-08-30 23:30:31 [trace][] [{"USER_NM":"류건우","USER_CHO":"ㄹ,ㄱ,ㅇ","USER_NM_JAMO":"ㄹㅠㄱㅓㄴㅇㅜ","CO_NM":"SBS"}] (in getUser.js:15)
2017-08-30 23:30:31 [trace][] userObjCHO:[{"USER_NM":"류건우","USER_CHO":"ㄹ,ㄱ,ㅇ","USER_NM_JAMO":"ㄹㅠㄱㅓㄴㅇㅜ","CO_NM":"SBS"}] (in getUser.js:48)
2017-08-30 23:30:31 [trace][] 륙 (in getUser.js:10)
2017-08-30 23:30:31 [trace][] ㄹㅠㄱ (in getUser.js:14)
2017-08-30 23:30:31 [trace][] 이건 초성검색이 아닙니다 (in getUser.js:30)
2017-08-30 23:30:31 [trace][] userObjCHO:[] (in getUser.js:48)
2017-08-30 23:30:31 [trace][] [{"USER_NM":"류건우","USER_CHO":"ㄹ,ㄱ,ㅇ","USER_NM_JAMO":"ㄹㅠㄱㅓㄴㅇㅜ","CO_NM":"SBS"}] (in getUser.js:15)
2017-08-30 23:30:36 [trace][] ㄹ (in getUser.js:10)
2017-08-30 23:30:36 [trace][] ㄹ (in getUser.js:14)
2017-08-30 23:30:36 [trace][] [{"USER_NM":"류건우","USER_CHO":"ㄹ,ㄱ,ㅇ","USER_NM_JAMO":"ㄹㅠㄱㅓㄴㅇㅜ","CO_NM":"SBS"}] (in getUser.js:15)
2017-08-30 23:30:36 [trace][] userObjCHO:[{"USER_NM":"류건우","USER_CHO":"ㄹ,ㄱ,ㅇ","USER_NM_JAMO":"ㄹㅠㄱㅓㄴㅇㅜ","CO_NM":"SBS"}] (in getUser.js:48)
2017-08-30 23:35:21 [trace][] 류 (in getUser.js:10)
2017-08-30 23:35:21 [trace][] ㄹㅠ (in getUser.js:14)
2017-08-30 23:35:21 [trace][] [{"USER_NM":"류건우","USER_CHO":"ㄹ,ㄱ,ㅇ","USER_NM_JAMO":"ㄹㅠㄱㅓㄴㅇㅜ","CO_NM":"SBS"}] (in getUser.js:15)
2017-08-30 23:35:21 [trace][] 이건 초성검색이 아닙니다 (in getUser.js:30)
2017-08-30 23:35:21 [trace][] userObjCHO:[] (in getUser.js:48)
2017-08-30 23:35:22 [trace][] 류건우 (in getUser.js:10)
2017-08-30 23:35:22 [trace][] ㄹㅠㄱㅓㄴㅇㅜ (in getUser.js:14)
2017-08-30 23:35:22 [trace][] [{"USER_NM":"류건우","USER_CHO":"ㄹ,ㄱ,ㅇ","USER_NM_JAMO":"ㄹㅠㄱㅓㄴㅇㅜ","CO_NM":"SBS"}] (in getUser.js:15)
2017-08-30 23:35:22 [trace][] 이건 초성검색이 아닙니다 (in getUser.js:30)
2017-08-30 23:35:22 [trace][] userObjCHO:[] (in getUser.js:48)
2017-08-30 23:35:26 [trace][] ㄹ (in getUser.js:10)
2017-08-30 23:35:26 [trace][] ㄹ (in getUser.js:14)
2017-08-30 23:35:26 [trace][] [{"USER_NM":"류건우","USER_CHO":"ㄹ,ㄱ,ㅇ","USER_NM_JAMO":"ㄹㅠㄱㅓㄴㅇㅜ","CO_NM":"SBS"}] (in getUser.js:15)
2017-08-30 23:35:26 [trace][] userObjCHO:[{"USER_NM":"류건우","USER_CHO":"ㄹ,ㄱ,ㅇ","USER_NM_JAMO":"ㄹㅠㄱㅓㄴㅇㅜ","CO_NM":"SBS"}] (in getUser.js:48)
2017-08-30 23:35:27 [trace][] ㄺ (in getUser.js:10)
2017-08-30 23:35:27 [trace][] ㄹㄱ (in getUser.js:14)
2017-08-30 23:35:27 [trace][] [{"USER_NM":"류건우","USER_CHO":"ㄹ,ㄱ,ㅇ","USER_NM_JAMO":"ㄹㅠㄱㅓㄴㅇㅜ","CO_NM":"SBS"}] (in getUser.js:15)
2017-08-30 23:35:27 [trace][] userObjCHO:[{"USER_NM":"류건우","USER_CHO":"ㄹ,ㄱ,ㅇ","USER_NM_JAMO":"ㄹㅠㄱㅓㄴㅇㅜ","CO_NM":"SBS"}] (in getUser.js:48)
2017-08-30 23:35:27 [trace][] ㄹ (in getUser.js:10)
2017-08-30 23:35:27 [trace][] ㄹ (in getUser.js:14)
2017-08-30 23:35:27 [trace][] [{"USER_NM":"류건우","USER_CHO":"ㄹ,ㄱ,ㅇ","USER_NM_JAMO":"ㄹㅠㄱㅓㄴㅇㅜ","CO_NM":"SBS"}] (in getUser.js:15)
2017-08-30 23:35:27 [trace][] userObjCHO:[{"USER_NM":"류건우","USER_CHO":"ㄹ,ㄱ,ㅇ","USER_NM_JAMO":"ㄹㅠㄱㅓㄴㅇㅜ","CO_NM":"SBS"}] (in getUser.js:48)
2017-08-30 23:35:29 [trace][] 류 (in getUser.js:10)
2017-08-30 23:35:29 [trace][] ㄹㅠ (in getUser.js:14)
2017-08-30 23:35:29 [trace][] [{"USER_NM":"류건우","USER_CHO":"ㄹ,ㄱ,ㅇ","USER_NM_JAMO":"ㄹㅠㄱㅓㄴㅇㅜ","CO_NM":"SBS"}] (in getUser.js:15)
2017-08-30 23:35:29 [trace][] userObjCHO:[] (in getUser.js:48)
2017-08-30 23:35:29 [trace][] 이건 초성검색이 아닙니다 (in getUser.js:30)
